ARM GAS  C:\Users\pspen\AppData\Local\Temp\ccmEpFSd.s 			page 1


   1              		.syntax unified
   2              		.cpu cortex-m0
   3              		.fpu softvfp
   4              		.eabi_attribute 20, 1
   5              		.eabi_attribute 21, 1
   6              		.eabi_attribute 23, 3
   7              		.eabi_attribute 24, 1
   8              		.eabi_attribute 25, 1
   9              		.eabi_attribute 26, 1
  10              		.eabi_attribute 30, 1
  11              		.eabi_attribute 34, 0
  12              		.eabi_attribute 18, 4
  13              		.thumb
  14              		.syntax unified
  15              		.file	"cyfitter_cfg.c"
  16              		.text
  17              	.Ltext0:
  18              		.cfi_sections	.debug_frame
  19              		.section	.text.cfg_write_bytes32,"ax",%progbits
  20              		.align	2
  21              		.code	16
  22              		.thumb_func
  23              		.type	cfg_write_bytes32, %function
  24              	cfg_write_bytes32:
  25              	.LFB3:
  26              		.file 1 "Generated_Source\\PSoC4\\cyfitter_cfg.c"
   1:Generated_Source\PSoC4/cyfitter_cfg.c **** 
   2:Generated_Source\PSoC4/cyfitter_cfg.c **** /*******************************************************************************
   3:Generated_Source\PSoC4/cyfitter_cfg.c **** * File Name: cyfitter_cfg.c
   4:Generated_Source\PSoC4/cyfitter_cfg.c **** * 
   5:Generated_Source\PSoC4/cyfitter_cfg.c **** * PSoC Creator  4.4
   6:Generated_Source\PSoC4/cyfitter_cfg.c **** *
   7:Generated_Source\PSoC4/cyfitter_cfg.c **** * Description:
   8:Generated_Source\PSoC4/cyfitter_cfg.c **** * This file contains device initialization code.
   9:Generated_Source\PSoC4/cyfitter_cfg.c **** * Except for the user defined sections in CyClockStartupError(), this file should not be modified.
  10:Generated_Source\PSoC4/cyfitter_cfg.c **** * This file is automatically generated by PSoC Creator.
  11:Generated_Source\PSoC4/cyfitter_cfg.c **** *
  12:Generated_Source\PSoC4/cyfitter_cfg.c **** ********************************************************************************
  13:Generated_Source\PSoC4/cyfitter_cfg.c **** * Copyright (c) 2007-2020 Cypress Semiconductor.  All rights reserved.
  14:Generated_Source\PSoC4/cyfitter_cfg.c **** * You may use this file only in accordance with the license, terms, conditions, 
  15:Generated_Source\PSoC4/cyfitter_cfg.c **** * disclaimers, and limitations in the end user license agreement accompanying 
  16:Generated_Source\PSoC4/cyfitter_cfg.c **** * the software package with which this file was provided.
  17:Generated_Source\PSoC4/cyfitter_cfg.c **** ********************************************************************************/
  18:Generated_Source\PSoC4/cyfitter_cfg.c **** 
  19:Generated_Source\PSoC4/cyfitter_cfg.c **** #include <string.h>
  20:Generated_Source\PSoC4/cyfitter_cfg.c **** #include "cytypes.h"
  21:Generated_Source\PSoC4/cyfitter_cfg.c **** #include "cydevice_trm.h"
  22:Generated_Source\PSoC4/cyfitter_cfg.c **** #include "cyfitter.h"
  23:Generated_Source\PSoC4/cyfitter_cfg.c **** #include "CyLib.h"
  24:Generated_Source\PSoC4/cyfitter_cfg.c **** #include "CyLFClk.h"
  25:Generated_Source\PSoC4/cyfitter_cfg.c **** #include "cyfitter_cfg.h"
  26:Generated_Source\PSoC4/cyfitter_cfg.c **** #include "cyapicallbacks.h"
  27:Generated_Source\PSoC4/cyfitter_cfg.c **** 
  28:Generated_Source\PSoC4/cyfitter_cfg.c **** 
  29:Generated_Source\PSoC4/cyfitter_cfg.c **** #if defined(__GNUC__) || defined(__ARMCC_VERSION)
  30:Generated_Source\PSoC4/cyfitter_cfg.c ****     #define CYPACKED 
  31:Generated_Source\PSoC4/cyfitter_cfg.c ****     #define CYPACKED_ATTR __attribute__ ((packed))
ARM GAS  C:\Users\pspen\AppData\Local\Temp\ccmEpFSd.s 			page 2


  32:Generated_Source\PSoC4/cyfitter_cfg.c ****     #define CYALIGNED __attribute__ ((aligned))
  33:Generated_Source\PSoC4/cyfitter_cfg.c ****     #define CY_CFG_UNUSED __attribute__ ((unused))
  34:Generated_Source\PSoC4/cyfitter_cfg.c ****     #ifndef CY_CFG_SECTION
  35:Generated_Source\PSoC4/cyfitter_cfg.c ****         #define CY_CFG_SECTION __attribute__ ((section(".psocinit")))
  36:Generated_Source\PSoC4/cyfitter_cfg.c ****     #endif
  37:Generated_Source\PSoC4/cyfitter_cfg.c ****     
  38:Generated_Source\PSoC4/cyfitter_cfg.c ****     #if defined(__ARMCC_VERSION)
  39:Generated_Source\PSoC4/cyfitter_cfg.c ****         #define CY_CFG_MEMORY_BARRIER() __memory_changed()
  40:Generated_Source\PSoC4/cyfitter_cfg.c ****     #else
  41:Generated_Source\PSoC4/cyfitter_cfg.c ****         #define CY_CFG_MEMORY_BARRIER() __sync_synchronize()
  42:Generated_Source\PSoC4/cyfitter_cfg.c ****     #endif
  43:Generated_Source\PSoC4/cyfitter_cfg.c ****     
  44:Generated_Source\PSoC4/cyfitter_cfg.c **** #elif defined(__ICCARM__)
  45:Generated_Source\PSoC4/cyfitter_cfg.c ****     #include <intrinsics.h>
  46:Generated_Source\PSoC4/cyfitter_cfg.c **** 
  47:Generated_Source\PSoC4/cyfitter_cfg.c ****     #define CYPACKED __packed
  48:Generated_Source\PSoC4/cyfitter_cfg.c ****     #define CYPACKED_ATTR 
  49:Generated_Source\PSoC4/cyfitter_cfg.c ****     #define CYALIGNED _Pragma("data_alignment=4")
  50:Generated_Source\PSoC4/cyfitter_cfg.c ****     #define CY_CFG_UNUSED _Pragma("diag_suppress=Pe177")
  51:Generated_Source\PSoC4/cyfitter_cfg.c ****     #define CY_CFG_SECTION _Pragma("location=\".psocinit\"")
  52:Generated_Source\PSoC4/cyfitter_cfg.c ****     
  53:Generated_Source\PSoC4/cyfitter_cfg.c ****     #define CY_CFG_MEMORY_BARRIER() __DMB()
  54:Generated_Source\PSoC4/cyfitter_cfg.c ****     
  55:Generated_Source\PSoC4/cyfitter_cfg.c **** #else
  56:Generated_Source\PSoC4/cyfitter_cfg.c ****     #error Unsupported toolchain
  57:Generated_Source\PSoC4/cyfitter_cfg.c **** #endif
  58:Generated_Source\PSoC4/cyfitter_cfg.c **** 
  59:Generated_Source\PSoC4/cyfitter_cfg.c **** #ifndef CYCODE
  60:Generated_Source\PSoC4/cyfitter_cfg.c ****     #define CYCODE
  61:Generated_Source\PSoC4/cyfitter_cfg.c **** #endif
  62:Generated_Source\PSoC4/cyfitter_cfg.c **** #ifndef CYDATA
  63:Generated_Source\PSoC4/cyfitter_cfg.c ****     #define CYDATA
  64:Generated_Source\PSoC4/cyfitter_cfg.c **** #endif
  65:Generated_Source\PSoC4/cyfitter_cfg.c **** #ifndef CYFAR
  66:Generated_Source\PSoC4/cyfitter_cfg.c ****     #define CYFAR
  67:Generated_Source\PSoC4/cyfitter_cfg.c **** #endif
  68:Generated_Source\PSoC4/cyfitter_cfg.c **** #ifndef CYXDATA
  69:Generated_Source\PSoC4/cyfitter_cfg.c ****     #define CYXDATA
  70:Generated_Source\PSoC4/cyfitter_cfg.c **** #endif
  71:Generated_Source\PSoC4/cyfitter_cfg.c **** 
  72:Generated_Source\PSoC4/cyfitter_cfg.c **** 
  73:Generated_Source\PSoC4/cyfitter_cfg.c **** CY_CFG_UNUSED
  74:Generated_Source\PSoC4/cyfitter_cfg.c **** static void CYMEMZERO(void *s, size_t n);
  75:Generated_Source\PSoC4/cyfitter_cfg.c **** CY_CFG_UNUSED
  76:Generated_Source\PSoC4/cyfitter_cfg.c **** static void CYMEMZERO(void *s, size_t n)
  77:Generated_Source\PSoC4/cyfitter_cfg.c **** {
  78:Generated_Source\PSoC4/cyfitter_cfg.c **** 	(void)memset(s, 0, n);
  79:Generated_Source\PSoC4/cyfitter_cfg.c **** }
  80:Generated_Source\PSoC4/cyfitter_cfg.c **** CY_CFG_UNUSED
  81:Generated_Source\PSoC4/cyfitter_cfg.c **** static void CYCONFIGCPY(void *dest, const void *src, size_t n);
  82:Generated_Source\PSoC4/cyfitter_cfg.c **** CY_CFG_UNUSED
  83:Generated_Source\PSoC4/cyfitter_cfg.c **** static void CYCONFIGCPY(void *dest, const void *src, size_t n)
  84:Generated_Source\PSoC4/cyfitter_cfg.c **** {
  85:Generated_Source\PSoC4/cyfitter_cfg.c **** 	(void)memcpy(dest, src, n);
  86:Generated_Source\PSoC4/cyfitter_cfg.c **** }
  87:Generated_Source\PSoC4/cyfitter_cfg.c **** CY_CFG_UNUSED
  88:Generated_Source\PSoC4/cyfitter_cfg.c **** static void CYCONFIGCPYCODE(void *dest, const void *src, size_t n);
ARM GAS  C:\Users\pspen\AppData\Local\Temp\ccmEpFSd.s 			page 3


  89:Generated_Source\PSoC4/cyfitter_cfg.c **** CY_CFG_UNUSED
  90:Generated_Source\PSoC4/cyfitter_cfg.c **** static void CYCONFIGCPYCODE(void *dest, const void *src, size_t n)
  91:Generated_Source\PSoC4/cyfitter_cfg.c **** {
  92:Generated_Source\PSoC4/cyfitter_cfg.c **** 	(void)memcpy(dest, src, n);
  93:Generated_Source\PSoC4/cyfitter_cfg.c **** }
  94:Generated_Source\PSoC4/cyfitter_cfg.c **** 
  95:Generated_Source\PSoC4/cyfitter_cfg.c **** 
  96:Generated_Source\PSoC4/cyfitter_cfg.c **** 
  97:Generated_Source\PSoC4/cyfitter_cfg.c **** 
  98:Generated_Source\PSoC4/cyfitter_cfg.c **** /* Clock startup error codes                                                   */
  99:Generated_Source\PSoC4/cyfitter_cfg.c **** #define CYCLOCKSTART_NO_ERROR    0u
 100:Generated_Source\PSoC4/cyfitter_cfg.c **** #define CYCLOCKSTART_XTAL_ERROR  1u
 101:Generated_Source\PSoC4/cyfitter_cfg.c **** #define CYCLOCKSTART_32KHZ_ERROR 2u
 102:Generated_Source\PSoC4/cyfitter_cfg.c **** #define CYCLOCKSTART_PLL_ERROR   3u
 103:Generated_Source\PSoC4/cyfitter_cfg.c **** #define CYCLOCKSTART_FLL_ERROR   4u
 104:Generated_Source\PSoC4/cyfitter_cfg.c **** #define CYCLOCKSTART_WCO_ERROR   5u
 105:Generated_Source\PSoC4/cyfitter_cfg.c **** 
 106:Generated_Source\PSoC4/cyfitter_cfg.c **** 
 107:Generated_Source\PSoC4/cyfitter_cfg.c **** #ifdef CY_NEED_CYCLOCKSTARTUPERROR
 108:Generated_Source\PSoC4/cyfitter_cfg.c **** /*******************************************************************************
 109:Generated_Source\PSoC4/cyfitter_cfg.c **** * Function Name: CyClockStartupError
 110:Generated_Source\PSoC4/cyfitter_cfg.c **** ********************************************************************************
 111:Generated_Source\PSoC4/cyfitter_cfg.c **** * Summary:
 112:Generated_Source\PSoC4/cyfitter_cfg.c **** *  If an error is encountered during clock configuration (crystal startup error,
 113:Generated_Source\PSoC4/cyfitter_cfg.c **** *  PLL lock error, etc.), the system will end up here.  Unless reimplemented by
 114:Generated_Source\PSoC4/cyfitter_cfg.c **** *  the customer, this function will stop in an infinite loop.
 115:Generated_Source\PSoC4/cyfitter_cfg.c **** *
 116:Generated_Source\PSoC4/cyfitter_cfg.c **** * Parameters:
 117:Generated_Source\PSoC4/cyfitter_cfg.c **** *   void
 118:Generated_Source\PSoC4/cyfitter_cfg.c **** *
 119:Generated_Source\PSoC4/cyfitter_cfg.c **** * Return:
 120:Generated_Source\PSoC4/cyfitter_cfg.c **** *   void
 121:Generated_Source\PSoC4/cyfitter_cfg.c **** *
 122:Generated_Source\PSoC4/cyfitter_cfg.c **** *******************************************************************************/
 123:Generated_Source\PSoC4/cyfitter_cfg.c **** CY_CFG_UNUSED
 124:Generated_Source\PSoC4/cyfitter_cfg.c **** static void CyClockStartupError(uint8 errorCode);
 125:Generated_Source\PSoC4/cyfitter_cfg.c **** CY_CFG_UNUSED
 126:Generated_Source\PSoC4/cyfitter_cfg.c **** static void CyClockStartupError(uint8 errorCode)
 127:Generated_Source\PSoC4/cyfitter_cfg.c **** {
 128:Generated_Source\PSoC4/cyfitter_cfg.c ****     /* To remove the compiler warning if errorCode not used.                */
 129:Generated_Source\PSoC4/cyfitter_cfg.c ****     errorCode = errorCode;
 130:Generated_Source\PSoC4/cyfitter_cfg.c **** 
 131:Generated_Source\PSoC4/cyfitter_cfg.c ****     /* If we have a clock startup error (bad MHz crystal, PLL lock, etc.),  */
 132:Generated_Source\PSoC4/cyfitter_cfg.c ****     /* we will end up here to allow the customer to implement something to  */
 133:Generated_Source\PSoC4/cyfitter_cfg.c ****     /* deal with the clock condition.                                       */
 134:Generated_Source\PSoC4/cyfitter_cfg.c **** 
 135:Generated_Source\PSoC4/cyfitter_cfg.c **** #ifdef CY_CFG_CLOCK_STARTUP_ERROR_CALLBACK
 136:Generated_Source\PSoC4/cyfitter_cfg.c ****     CY_CFG_Clock_Startup_ErrorCallback();
 137:Generated_Source\PSoC4/cyfitter_cfg.c **** #else
 138:Generated_Source\PSoC4/cyfitter_cfg.c ****     /*  If not using CY_CFG_CLOCK_STARTUP_ERROR_CALLBACK, place your clock startup code here. */
 139:Generated_Source\PSoC4/cyfitter_cfg.c ****     /* `#START CyClockStartupError` */
 140:Generated_Source\PSoC4/cyfitter_cfg.c **** 
 141:Generated_Source\PSoC4/cyfitter_cfg.c **** 
 142:Generated_Source\PSoC4/cyfitter_cfg.c **** 
 143:Generated_Source\PSoC4/cyfitter_cfg.c ****     /* `#END` */
 144:Generated_Source\PSoC4/cyfitter_cfg.c **** 
 145:Generated_Source\PSoC4/cyfitter_cfg.c ****     while(1) {}
ARM GAS  C:\Users\pspen\AppData\Local\Temp\ccmEpFSd.s 			page 4


 146:Generated_Source\PSoC4/cyfitter_cfg.c **** #endif /* CY_CFG_CLOCK_STARTUP_ERROR_CALLBACK */
 147:Generated_Source\PSoC4/cyfitter_cfg.c **** }
 148:Generated_Source\PSoC4/cyfitter_cfg.c **** #endif
 149:Generated_Source\PSoC4/cyfitter_cfg.c **** 
 150:Generated_Source\PSoC4/cyfitter_cfg.c **** #define CY_CFG_BASE_ADDR_COUNT 2u
 151:Generated_Source\PSoC4/cyfitter_cfg.c **** CYPACKED typedef struct
 152:Generated_Source\PSoC4/cyfitter_cfg.c **** {
 153:Generated_Source\PSoC4/cyfitter_cfg.c **** 	uint8 offset;
 154:Generated_Source\PSoC4/cyfitter_cfg.c **** 	uint8 value;
 155:Generated_Source\PSoC4/cyfitter_cfg.c **** } CYPACKED_ATTR cy_cfg_addrvalue_t;
 156:Generated_Source\PSoC4/cyfitter_cfg.c **** 
 157:Generated_Source\PSoC4/cyfitter_cfg.c **** 
 158:Generated_Source\PSoC4/cyfitter_cfg.c **** 
 159:Generated_Source\PSoC4/cyfitter_cfg.c **** /*******************************************************************************
 160:Generated_Source\PSoC4/cyfitter_cfg.c **** * Function Name: cfg_write_bytes32
 161:Generated_Source\PSoC4/cyfitter_cfg.c **** ********************************************************************************
 162:Generated_Source\PSoC4/cyfitter_cfg.c **** * Summary:
 163:Generated_Source\PSoC4/cyfitter_cfg.c **** *  This function is used for setting up the chip configuration areas that
 164:Generated_Source\PSoC4/cyfitter_cfg.c **** *  contain relatively sparse data.
 165:Generated_Source\PSoC4/cyfitter_cfg.c **** *
 166:Generated_Source\PSoC4/cyfitter_cfg.c **** * Parameters:
 167:Generated_Source\PSoC4/cyfitter_cfg.c **** *   void
 168:Generated_Source\PSoC4/cyfitter_cfg.c **** *
 169:Generated_Source\PSoC4/cyfitter_cfg.c **** * Return:
 170:Generated_Source\PSoC4/cyfitter_cfg.c **** *   void
 171:Generated_Source\PSoC4/cyfitter_cfg.c **** *
 172:Generated_Source\PSoC4/cyfitter_cfg.c **** *******************************************************************************/
 173:Generated_Source\PSoC4/cyfitter_cfg.c **** static void cfg_write_bytes32(const uint32 addr_table[], const cy_cfg_addrvalue_t data_table[]);
 174:Generated_Source\PSoC4/cyfitter_cfg.c **** static void cfg_write_bytes32(const uint32 addr_table[], const cy_cfg_addrvalue_t data_table[])
 175:Generated_Source\PSoC4/cyfitter_cfg.c **** {
  27              		.loc 1 175 0
  28              		.cfi_startproc
  29              		@ args = 0, pretend = 0, frame = 0
  30              		@ frame_needed = 0, uses_anonymous_args = 0
  31              	.LVL0:
  32 0000 F0B5     		push	{r4, r5, r6, r7, lr}
  33              		.cfi_def_cfa_offset 20
  34              		.cfi_offset 4, -20
  35              		.cfi_offset 5, -16
  36              		.cfi_offset 6, -12
  37              		.cfi_offset 7, -8
  38              		.cfi_offset 14, -4
  39              	.LVL1:
 176:Generated_Source\PSoC4/cyfitter_cfg.c **** 	/* For 32-bit little-endian architectures */
 177:Generated_Source\PSoC4/cyfitter_cfg.c **** 	uint32 i, j = 0u;
  40              		.loc 1 177 0
  41 0002 0025     		movs	r5, #0
 178:Generated_Source\PSoC4/cyfitter_cfg.c **** 	for (i = 0u; i < CY_CFG_BASE_ADDR_COUNT; i++)
  42              		.loc 1 178 0
  43 0004 0027     		movs	r7, #0
  44 0006 11E0     		b	.L2
  45              	.LVL2:
  46              	.L5:
  47              	.LBB2:
 179:Generated_Source\PSoC4/cyfitter_cfg.c **** 	{
 180:Generated_Source\PSoC4/cyfitter_cfg.c **** 		uint32 baseAddr = addr_table[i];
  48              		.loc 1 180 0
ARM GAS  C:\Users\pspen\AppData\Local\Temp\ccmEpFSd.s 			page 5


  49 0008 BB00     		lsls	r3, r7, #2
  50 000a C658     		ldr	r6, [r0, r3]
  51              	.LVL3:
 181:Generated_Source\PSoC4/cyfitter_cfg.c **** 		uint8 count = (uint8)baseAddr;
  52              		.loc 1 181 0
  53 000c F3B2     		uxtb	r3, r6
  54              	.LVL4:
 182:Generated_Source\PSoC4/cyfitter_cfg.c **** 		baseAddr &= 0xFFFFFF00u;
  55              		.loc 1 182 0
  56 000e FF22     		movs	r2, #255
  57 0010 9643     		bics	r6, r2
  58              	.LVL5:
 183:Generated_Source\PSoC4/cyfitter_cfg.c **** 		while (count != 0u)
  59              		.loc 1 183 0
  60 0012 08E0     		b	.L3
  61              	.L4:
 184:Generated_Source\PSoC4/cyfitter_cfg.c **** 		{
 185:Generated_Source\PSoC4/cyfitter_cfg.c **** 			CY_SET_REG8((void *)(baseAddr + data_table[j].offset), data_table[j].value);
  62              		.loc 1 185 0
  63 0014 6A00     		lsls	r2, r5, #1
  64 0016 8A18     		adds	r2, r1, r2
  65 0018 1478     		ldrb	r4, [r2]
  66 001a A419     		adds	r4, r4, r6
  67 001c 5278     		ldrb	r2, [r2, #1]
  68 001e 2270     		strb	r2, [r4]
 186:Generated_Source\PSoC4/cyfitter_cfg.c **** 			j++;
  69              		.loc 1 186 0
  70 0020 0135     		adds	r5, r5, #1
  71              	.LVL6:
 187:Generated_Source\PSoC4/cyfitter_cfg.c **** 			count--;
  72              		.loc 1 187 0
  73 0022 013B     		subs	r3, r3, #1
  74              	.LVL7:
  75 0024 DBB2     		uxtb	r3, r3
  76              	.LVL8:
  77              	.L3:
 183:Generated_Source\PSoC4/cyfitter_cfg.c **** 		{
  78              		.loc 1 183 0
  79 0026 002B     		cmp	r3, #0
  80 0028 F4D1     		bne	.L4
  81              	.LBE2:
 178:Generated_Source\PSoC4/cyfitter_cfg.c **** 	{
  82              		.loc 1 178 0 discriminator 2
  83 002a 0137     		adds	r7, r7, #1
  84              	.LVL9:
  85              	.L2:
 178:Generated_Source\PSoC4/cyfitter_cfg.c **** 	{
  86              		.loc 1 178 0 is_stmt 0 discriminator 1
  87 002c 012F     		cmp	r7, #1
  88 002e EBD9     		bls	.L5
 188:Generated_Source\PSoC4/cyfitter_cfg.c **** 		}
 189:Generated_Source\PSoC4/cyfitter_cfg.c **** 	}
 190:Generated_Source\PSoC4/cyfitter_cfg.c **** }
  89              		.loc 1 190 0 is_stmt 1
  90              		@ sp needed
  91              	.LVL10:
  92              	.LVL11:
ARM GAS  C:\Users\pspen\AppData\Local\Temp\ccmEpFSd.s 			page 6


  93 0030 F0BD     		pop	{r4, r5, r6, r7, pc}
  94              		.cfi_endproc
  95              	.LFE3:
  96              		.size	cfg_write_bytes32, .-cfg_write_bytes32
  97 0032 C046     		.section	.text.CYMEMZERO,"ax",%progbits
  98              		.align	2
  99              		.code	16
 100              		.thumb_func
 101              		.type	CYMEMZERO, %function
 102              	CYMEMZERO:
 103              	.LFB0:
  77:Generated_Source\PSoC4/cyfitter_cfg.c **** 	(void)memset(s, 0, n);
 104              		.loc 1 77 0
 105              		.cfi_startproc
 106              		@ args = 0, pretend = 0, frame = 0
 107              		@ frame_needed = 0, uses_anonymous_args = 0
 108              	.LVL12:
 109 0000 10B5     		push	{r4, lr}
 110              		.cfi_def_cfa_offset 8
 111              		.cfi_offset 4, -8
 112              		.cfi_offset 14, -4
 113 0002 0A00     		movs	r2, r1
  78:Generated_Source\PSoC4/cyfitter_cfg.c **** }
 114              		.loc 1 78 0
 115 0004 0021     		movs	r1, #0
 116              	.LVL13:
 117 0006 FFF7FEFF 		bl	memset
 118              	.LVL14:
  79:Generated_Source\PSoC4/cyfitter_cfg.c **** CY_CFG_UNUSED
 119              		.loc 1 79 0
 120              		@ sp needed
 121 000a 10BD     		pop	{r4, pc}
 122              		.cfi_endproc
 123              	.LFE0:
 124              		.size	CYMEMZERO, .-CYMEMZERO
 125              		.section	.psocinit,"ax",%progbits
 126              		.align	2
 127              		.code	16
 128              		.thumb_func
 129              		.type	ClockSetup, %function
 130              	ClockSetup:
 131              	.LFB4:
 191:Generated_Source\PSoC4/cyfitter_cfg.c **** 
 192:Generated_Source\PSoC4/cyfitter_cfg.c **** 
 193:Generated_Source\PSoC4/cyfitter_cfg.c **** /*******************************************************************************
 194:Generated_Source\PSoC4/cyfitter_cfg.c **** * Function Name: ClockSetup
 195:Generated_Source\PSoC4/cyfitter_cfg.c **** ********************************************************************************
 196:Generated_Source\PSoC4/cyfitter_cfg.c **** *
 197:Generated_Source\PSoC4/cyfitter_cfg.c **** * Summary:
 198:Generated_Source\PSoC4/cyfitter_cfg.c **** *   Performs the initialization of all of the clocks in the device based on the
 199:Generated_Source\PSoC4/cyfitter_cfg.c **** *   settings in the Clock tab of the DWR.  This includes enabling the requested
 200:Generated_Source\PSoC4/cyfitter_cfg.c **** *   clocks and setting the necessary dividers to produce the desired frequency. 
 201:Generated_Source\PSoC4/cyfitter_cfg.c **** *
 202:Generated_Source\PSoC4/cyfitter_cfg.c **** * Parameters:
 203:Generated_Source\PSoC4/cyfitter_cfg.c **** *   void
 204:Generated_Source\PSoC4/cyfitter_cfg.c **** *
 205:Generated_Source\PSoC4/cyfitter_cfg.c **** * Return:
ARM GAS  C:\Users\pspen\AppData\Local\Temp\ccmEpFSd.s 			page 7


 206:Generated_Source\PSoC4/cyfitter_cfg.c **** *   void
 207:Generated_Source\PSoC4/cyfitter_cfg.c **** *
 208:Generated_Source\PSoC4/cyfitter_cfg.c **** *******************************************************************************/
 209:Generated_Source\PSoC4/cyfitter_cfg.c **** static void ClockSetup(void);
 210:Generated_Source\PSoC4/cyfitter_cfg.c **** CY_CFG_SECTION
 211:Generated_Source\PSoC4/cyfitter_cfg.c **** static void ClockSetup(void)
 212:Generated_Source\PSoC4/cyfitter_cfg.c **** {
 132              		.loc 1 212 0
 133              		.cfi_startproc
 134              		@ args = 0, pretend = 0, frame = 0
 135              		@ frame_needed = 0, uses_anonymous_args = 0
 136 0000 70B5     		push	{r4, r5, r6, lr}
 137              		.cfi_def_cfa_offset 16
 138              		.cfi_offset 4, -16
 139              		.cfi_offset 5, -12
 140              		.cfi_offset 6, -8
 141              		.cfi_offset 14, -4
 213:Generated_Source\PSoC4/cyfitter_cfg.c **** 	/* Enable HALF_EN before trimming for the flash accelerator. */
 214:Generated_Source\PSoC4/cyfitter_cfg.c **** 	CY_SET_REG32((void CYXDATA *)(CYREG_CLK_SELECT), (CY_GET_REG32((void *)CYREG_CLK_SELECT) | 0x00040
 142              		.loc 1 214 0
 143 0002 164C     		ldr	r4, .L8
 144 0004 2368     		ldr	r3, [r4]
 145 0006 8022     		movs	r2, #128
 146 0008 D202     		lsls	r2, r2, #11
 147 000a 1343     		orrs	r3, r2
 148 000c 2360     		str	r3, [r4]
 215:Generated_Source\PSoC4/cyfitter_cfg.c **** 
 216:Generated_Source\PSoC4/cyfitter_cfg.c **** 	/* Setup and trim IMO based on desired frequency. */
 217:Generated_Source\PSoC4/cyfitter_cfg.c **** 	CySysClkWriteImoFreq(24u);
 149              		.loc 1 217 0
 150 000e 1820     		movs	r0, #24
 151 0010 FFF7FEFF 		bl	CySysClkWriteImoFreq
 152              	.LVL15:
 218:Generated_Source\PSoC4/cyfitter_cfg.c **** 
 219:Generated_Source\PSoC4/cyfitter_cfg.c **** 	/* Disable HALF_EN since it is not required at this IMO frequency. */
 220:Generated_Source\PSoC4/cyfitter_cfg.c **** 	CY_SET_REG32((void CYXDATA *)(CYREG_CLK_SELECT), (CY_GET_REG32((void *)CYREG_CLK_SELECT) & 0xFFFBF
 153              		.loc 1 220 0
 154 0014 2268     		ldr	r2, [r4]
 155 0016 124B     		ldr	r3, .L8+4
 156 0018 1340     		ands	r3, r2
 157 001a 2360     		str	r3, [r4]
 221:Generated_Source\PSoC4/cyfitter_cfg.c **** 	/* CYDEV_CLK_ILO_CONFIG Starting address: CYDEV_CLK_ILO_CONFIG */
 222:Generated_Source\PSoC4/cyfitter_cfg.c **** 	CY_SET_REG32((void *)(CYREG_CLK_ILO_CONFIG), 0x80000006u);
 158              		.loc 1 222 0
 159 001c 114A     		ldr	r2, .L8+8
 160 001e 124B     		ldr	r3, .L8+12
 161 0020 1A60     		str	r2, [r3]
 223:Generated_Source\PSoC4/cyfitter_cfg.c **** 
 224:Generated_Source\PSoC4/cyfitter_cfg.c **** 
 225:Generated_Source\PSoC4/cyfitter_cfg.c **** 	/* CYDEV_CLK_SELECT00 Starting address: CYDEV_CLK_SELECT00 */
 226:Generated_Source\PSoC4/cyfitter_cfg.c **** 	CY_SET_REG32((void *)(CYREG_CLK_SELECT02), 0x00000010u);
 162              		.loc 1 226 0
 163 0022 1022     		movs	r2, #16
 164 0024 114B     		ldr	r3, .L8+16
 165 0026 1A60     		str	r2, [r3]
 227:Generated_Source\PSoC4/cyfitter_cfg.c **** 	CY_SET_REG32((void *)(CYREG_CLK_SELECT03), 0x00000020u);
 166              		.loc 1 227 0
ARM GAS  C:\Users\pspen\AppData\Local\Temp\ccmEpFSd.s 			page 8


 167 0028 1032     		adds	r2, r2, #16
 168 002a 114B     		ldr	r3, .L8+20
 169 002c 1A60     		str	r2, [r3]
 228:Generated_Source\PSoC4/cyfitter_cfg.c **** 
 229:Generated_Source\PSoC4/cyfitter_cfg.c **** 	/* CYDEV_CLK_IMO_CONFIG Starting address: CYDEV_CLK_IMO_CONFIG */
 230:Generated_Source\PSoC4/cyfitter_cfg.c **** 	CY_SET_REG32((void *)(CYREG_CLK_IMO_CONFIG), 0x80000000u);
 170              		.loc 1 230 0
 171 002e 8022     		movs	r2, #128
 172 0030 1206     		lsls	r2, r2, #24
 173 0032 104B     		ldr	r3, .L8+24
 174 0034 1A60     		str	r2, [r3]
 231:Generated_Source\PSoC4/cyfitter_cfg.c **** 
 232:Generated_Source\PSoC4/cyfitter_cfg.c **** 	/* CYDEV_CLK_SELECT Starting address: CYDEV_CLK_SELECT */
 233:Generated_Source\PSoC4/cyfitter_cfg.c **** 	CY_SET_REG32((void *)(CYREG_CLK_SELECT), 0x00000000u);
 175              		.loc 1 233 0
 176 0036 0025     		movs	r5, #0
 177 0038 2560     		str	r5, [r4]
 234:Generated_Source\PSoC4/cyfitter_cfg.c **** 
 235:Generated_Source\PSoC4/cyfitter_cfg.c **** 	/* CYDEV_CLK_DIVIDER_A00 Starting address: CYDEV_CLK_DIVIDER_A00 */
 236:Generated_Source\PSoC4/cyfitter_cfg.c **** 	CY_SET_REG32((void *)(CYREG_CLK_DIVIDER_A00), 0x8000000Eu);
 178              		.loc 1 236 0
 179 003a 0F4A     		ldr	r2, .L8+28
 180 003c 0F4B     		ldr	r3, .L8+32
 181 003e 1A60     		str	r2, [r3]
 237:Generated_Source\PSoC4/cyfitter_cfg.c **** 
 238:Generated_Source\PSoC4/cyfitter_cfg.c **** 	/* CYDEV_CLK_DIVIDER_B00 Starting address: CYDEV_CLK_DIVIDER_B00 */
 239:Generated_Source\PSoC4/cyfitter_cfg.c **** 	CY_SET_REG32((void *)(CYREG_CLK_DIVIDER_B00), 0x800000CFu);
 182              		.loc 1 239 0
 183 0040 0F4A     		ldr	r2, .L8+36
 184 0042 104B     		ldr	r3, .L8+40
 185 0044 1A60     		str	r2, [r3]
 240:Generated_Source\PSoC4/cyfitter_cfg.c **** 
 241:Generated_Source\PSoC4/cyfitter_cfg.c **** 	(void)CyIntSetVector(9u, &CySysWdtIsr);
 186              		.loc 1 241 0
 187 0046 1049     		ldr	r1, .L8+44
 188 0048 0920     		movs	r0, #9
 189 004a FFF7FEFF 		bl	CyIntSetVector
 190              	.LVL16:
 242:Generated_Source\PSoC4/cyfitter_cfg.c **** 	CyIntEnable(9u);
 191              		.loc 1 242 0
 192 004e 0920     		movs	r0, #9
 193 0050 FFF7FEFF 		bl	CyIntEnable
 194              	.LVL17:
 243:Generated_Source\PSoC4/cyfitter_cfg.c **** 	CY_SET_REG32((void *)(CYREG_WDT_CONFIG), 0x00000000u);
 195              		.loc 1 243 0
 196 0054 0D4B     		ldr	r3, .L8+48
 197 0056 1D60     		str	r5, [r3]
 244:Generated_Source\PSoC4/cyfitter_cfg.c **** }
 198              		.loc 1 244 0
 199              		@ sp needed
 200 0058 70BD     		pop	{r4, r5, r6, pc}
 201              	.L9:
 202 005a C046     		.align	2
 203              	.L8:
 204 005c 00010B40 		.word	1074462976
 205 0060 FFFFFBFF 		.word	-262145
 206 0064 06000080 		.word	-2147483642
ARM GAS  C:\Users\pspen\AppData\Local\Temp\ccmEpFSd.s 			page 9


 207 0068 04010B40 		.word	1074462980
 208 006c 08020240 		.word	1073873416
 209 0070 0C020240 		.word	1073873420
 210 0074 08010B40 		.word	1074462984
 211 0078 0E000080 		.word	-2147483634
 212 007c 00000240 		.word	1073872896
 213 0080 CF000080 		.word	-2147483441
 214 0084 40000240 		.word	1073872960
 215 0088 00000000 		.word	CySysWdtIsr
 216 008c 0C020B40 		.word	1074463244
 217              		.cfi_endproc
 218              	.LFE4:
 219              		.size	ClockSetup, .-ClockSetup
 220              		.align	2
 221              		.global	cyfitter_cfg
 222              		.code	16
 223              		.thumb_func
 224              		.type	cyfitter_cfg, %function
 225              	cyfitter_cfg:
 226              	.LFB6:
 245:Generated_Source\PSoC4/cyfitter_cfg.c **** 
 246:Generated_Source\PSoC4/cyfitter_cfg.c **** 
 247:Generated_Source\PSoC4/cyfitter_cfg.c **** /* Analog API Functions */
 248:Generated_Source\PSoC4/cyfitter_cfg.c **** 
 249:Generated_Source\PSoC4/cyfitter_cfg.c **** 
 250:Generated_Source\PSoC4/cyfitter_cfg.c **** /*******************************************************************************
 251:Generated_Source\PSoC4/cyfitter_cfg.c **** * Function Name: AnalogSetDefault
 252:Generated_Source\PSoC4/cyfitter_cfg.c **** ********************************************************************************
 253:Generated_Source\PSoC4/cyfitter_cfg.c **** *
 254:Generated_Source\PSoC4/cyfitter_cfg.c **** * Summary:
 255:Generated_Source\PSoC4/cyfitter_cfg.c **** *  Sets up the analog portions of the chip to default values based on chip
 256:Generated_Source\PSoC4/cyfitter_cfg.c **** *  configuration options from the project.
 257:Generated_Source\PSoC4/cyfitter_cfg.c **** *
 258:Generated_Source\PSoC4/cyfitter_cfg.c **** * Parameters:
 259:Generated_Source\PSoC4/cyfitter_cfg.c **** *  void
 260:Generated_Source\PSoC4/cyfitter_cfg.c **** *
 261:Generated_Source\PSoC4/cyfitter_cfg.c **** * Return:
 262:Generated_Source\PSoC4/cyfitter_cfg.c **** *  void
 263:Generated_Source\PSoC4/cyfitter_cfg.c **** *
 264:Generated_Source\PSoC4/cyfitter_cfg.c **** *******************************************************************************/
 265:Generated_Source\PSoC4/cyfitter_cfg.c **** static void AnalogSetDefault(void);
 266:Generated_Source\PSoC4/cyfitter_cfg.c **** static void AnalogSetDefault(void)
 267:Generated_Source\PSoC4/cyfitter_cfg.c **** {
 268:Generated_Source\PSoC4/cyfitter_cfg.c **** }
 269:Generated_Source\PSoC4/cyfitter_cfg.c **** 
 270:Generated_Source\PSoC4/cyfitter_cfg.c **** 
 271:Generated_Source\PSoC4/cyfitter_cfg.c **** 
 272:Generated_Source\PSoC4/cyfitter_cfg.c **** 
 273:Generated_Source\PSoC4/cyfitter_cfg.c **** /*******************************************************************************
 274:Generated_Source\PSoC4/cyfitter_cfg.c **** * Function Name: cyfitter_cfg
 275:Generated_Source\PSoC4/cyfitter_cfg.c **** ********************************************************************************
 276:Generated_Source\PSoC4/cyfitter_cfg.c **** * Summary:
 277:Generated_Source\PSoC4/cyfitter_cfg.c **** *  This function is called by the start-up code for the selected device. It
 278:Generated_Source\PSoC4/cyfitter_cfg.c **** *  performs all of the necessary device configuration based on the design
 279:Generated_Source\PSoC4/cyfitter_cfg.c **** *  settings.  This includes settings from the Design Wide Resources (DWR) such
 280:Generated_Source\PSoC4/cyfitter_cfg.c **** *  as Clocks and Pins as well as any component configuration that is necessary.
 281:Generated_Source\PSoC4/cyfitter_cfg.c **** *
ARM GAS  C:\Users\pspen\AppData\Local\Temp\ccmEpFSd.s 			page 10


 282:Generated_Source\PSoC4/cyfitter_cfg.c **** * Parameters:
 283:Generated_Source\PSoC4/cyfitter_cfg.c **** *   void
 284:Generated_Source\PSoC4/cyfitter_cfg.c **** *
 285:Generated_Source\PSoC4/cyfitter_cfg.c **** * Return:
 286:Generated_Source\PSoC4/cyfitter_cfg.c **** *   void
 287:Generated_Source\PSoC4/cyfitter_cfg.c **** *
 288:Generated_Source\PSoC4/cyfitter_cfg.c **** *******************************************************************************/
 289:Generated_Source\PSoC4/cyfitter_cfg.c **** CY_CFG_SECTION
 290:Generated_Source\PSoC4/cyfitter_cfg.c **** void cyfitter_cfg(void)
 291:Generated_Source\PSoC4/cyfitter_cfg.c **** {
 227              		.loc 1 291 0
 228              		.cfi_startproc
 229              		@ args = 0, pretend = 0, frame = 0
 230              		@ frame_needed = 0, uses_anonymous_args = 0
 231 0090 10B5     		push	{r4, lr}
 232              		.cfi_def_cfa_offset 8
 233              		.cfi_offset 4, -8
 234              		.cfi_offset 14, -4
 292:Generated_Source\PSoC4/cyfitter_cfg.c **** 	/* Disable interrupts by default. Let user enable if/when they want. */
 293:Generated_Source\PSoC4/cyfitter_cfg.c **** 	CyGlobalIntDisable;
 235              		.loc 1 293 0
 236              		.syntax divided
 237              	@ 293 "Generated_Source\PSoC4\cyfitter_cfg.c" 1
 238 0092 72B6     		CPSID   i
 239              	@ 0 "" 2
 294:Generated_Source\PSoC4/cyfitter_cfg.c **** 
 295:Generated_Source\PSoC4/cyfitter_cfg.c **** 	/* Enable the clock in the interrupt controller for the routed interrupts */
 296:Generated_Source\PSoC4/cyfitter_cfg.c **** 	CY_SET_REG8((void *)CYREG_UDB_UDBIF_INT_CLK_CTL, 0x01u);
 240              		.loc 1 296 0
 241              		.thumb
 242              		.syntax unified
 243 0094 0122     		movs	r2, #1
 244 0096 294B     		ldr	r3, .L13
 245 0098 1A70     		strb	r2, [r3]
 246              	.LVL18:
 247              	.LBB3:
 297:Generated_Source\PSoC4/cyfitter_cfg.c **** 	{
 298:Generated_Source\PSoC4/cyfitter_cfg.c **** 		static const uint32 CYCODE cy_cfg_addr_table[] = {
 299:Generated_Source\PSoC4/cyfitter_cfg.c **** 			0x400F4002u, /* Base address: 0x400F4000 Count: 2 */
 300:Generated_Source\PSoC4/cyfitter_cfg.c **** 			0x400F4103u, /* Base address: 0x400F4100 Count: 3 */
 301:Generated_Source\PSoC4/cyfitter_cfg.c **** 		};
 302:Generated_Source\PSoC4/cyfitter_cfg.c **** 
 303:Generated_Source\PSoC4/cyfitter_cfg.c **** 		static const cy_cfg_addrvalue_t CYCODE cy_cfg_data_table[] = {
 304:Generated_Source\PSoC4/cyfitter_cfg.c **** 			{0x6Fu, 0x20u},
 305:Generated_Source\PSoC4/cyfitter_cfg.c **** 			{0xDAu, 0x80u},
 306:Generated_Source\PSoC4/cyfitter_cfg.c **** 			{0x03u, 0x20u},
 307:Generated_Source\PSoC4/cyfitter_cfg.c **** 			{0xA7u, 0x20u},
 308:Generated_Source\PSoC4/cyfitter_cfg.c **** 			{0xC0u, 0x10u},
 309:Generated_Source\PSoC4/cyfitter_cfg.c **** 		};
 310:Generated_Source\PSoC4/cyfitter_cfg.c **** 
 311:Generated_Source\PSoC4/cyfitter_cfg.c **** 
 312:Generated_Source\PSoC4/cyfitter_cfg.c **** 
 313:Generated_Source\PSoC4/cyfitter_cfg.c **** 		CYPACKED typedef struct {
 314:Generated_Source\PSoC4/cyfitter_cfg.c **** 			void CYFAR *address;
 315:Generated_Source\PSoC4/cyfitter_cfg.c **** 			uint16 size;
 316:Generated_Source\PSoC4/cyfitter_cfg.c **** 		} CYPACKED_ATTR cfg_memset_t;
 317:Generated_Source\PSoC4/cyfitter_cfg.c **** 
ARM GAS  C:\Users\pspen\AppData\Local\Temp\ccmEpFSd.s 			page 11


 318:Generated_Source\PSoC4/cyfitter_cfg.c **** 		static const cfg_memset_t CYCODE cfg_memset_list[] = {
 319:Generated_Source\PSoC4/cyfitter_cfg.c **** 			/* address, size */
 320:Generated_Source\PSoC4/cyfitter_cfg.c **** 			{(void CYFAR *)(CYDEV_UDB_P0_U0_BASE), 1024u},
 321:Generated_Source\PSoC4/cyfitter_cfg.c **** 			{(void CYFAR *)(CYDEV_UDB_DSI0_BASE), 1024u},
 322:Generated_Source\PSoC4/cyfitter_cfg.c **** 		};
 323:Generated_Source\PSoC4/cyfitter_cfg.c **** 
 324:Generated_Source\PSoC4/cyfitter_cfg.c **** 		uint8 CYDATA i;
 325:Generated_Source\PSoC4/cyfitter_cfg.c **** 
 326:Generated_Source\PSoC4/cyfitter_cfg.c **** 		/* Zero out critical memory blocks before beginning configuration */
 327:Generated_Source\PSoC4/cyfitter_cfg.c **** 		for (i = 0u; i < (sizeof(cfg_memset_list)/sizeof(cfg_memset_list[0])); i++)
 248              		.loc 1 327 0
 249 009a 0024     		movs	r4, #0
 250 009c 0FE0     		b	.L11
 251              	.LVL19:
 252              	.L12:
 253              	.LBB4:
 328:Generated_Source\PSoC4/cyfitter_cfg.c **** 		{
 329:Generated_Source\PSoC4/cyfitter_cfg.c **** 			const cfg_memset_t CYCODE * CYDATA ms = &cfg_memset_list[i];
 330:Generated_Source\PSoC4/cyfitter_cfg.c **** 			CYMEMZERO(ms->address, (size_t)(uint32)(ms->size));
 254              		.loc 1 330 0 discriminator 3
 255 009e 2848     		ldr	r0, .L13+4
 256 00a0 6200     		lsls	r2, r4, #1
 257 00a2 1319     		adds	r3, r2, r4
 258 00a4 5900     		lsls	r1, r3, #1
 259 00a6 0B00     		movs	r3, r1
 260 00a8 4118     		adds	r1, r0, r1
 261 00aa 8988     		ldrh	r1, [r1, #4]
 262 00ac 1A5A     		ldrh	r2, [r3, r0]
 263 00ae C318     		adds	r3, r0, r3
 264 00b0 5888     		ldrh	r0, [r3, #2]
 265 00b2 0004     		lsls	r0, r0, #16
 266 00b4 1043     		orrs	r0, r2
 267 00b6 FFF7FEFF 		bl	CYMEMZERO
 268              	.LVL20:
 269              	.LBE4:
 327:Generated_Source\PSoC4/cyfitter_cfg.c **** 		{
 270              		.loc 1 327 0 discriminator 3
 271 00ba 0134     		adds	r4, r4, #1
 272              	.LVL21:
 273 00bc E4B2     		uxtb	r4, r4
 274              	.LVL22:
 275              	.L11:
 327:Generated_Source\PSoC4/cyfitter_cfg.c **** 		{
 276              		.loc 1 327 0 is_stmt 0 discriminator 1
 277 00be 012C     		cmp	r4, #1
 278 00c0 EDD9     		bls	.L12
 331:Generated_Source\PSoC4/cyfitter_cfg.c **** 		}
 332:Generated_Source\PSoC4/cyfitter_cfg.c **** 
 333:Generated_Source\PSoC4/cyfitter_cfg.c **** 		cfg_write_bytes32(cy_cfg_addr_table, cy_cfg_data_table);
 279              		.loc 1 333 0 is_stmt 1
 280 00c2 1F48     		ldr	r0, .L13+4
 281 00c4 0100     		movs	r1, r0
 282 00c6 0C31     		adds	r1, r1, #12
 283 00c8 1830     		adds	r0, r0, #24
 284 00ca FFF7FEFF 		bl	cfg_write_bytes32
 285              	.LVL23:
 334:Generated_Source\PSoC4/cyfitter_cfg.c **** 
ARM GAS  C:\Users\pspen\AppData\Local\Temp\ccmEpFSd.s 			page 12


 335:Generated_Source\PSoC4/cyfitter_cfg.c **** 		/* HSIOM Starting address: CYDEV_HSIOM_BASE */
 336:Generated_Source\PSoC4/cyfitter_cfg.c **** 		CY_SET_REG32((void *)(CYDEV_HSIOM_BASE), 0x00990000u);
 286              		.loc 1 336 0
 287 00ce 9923     		movs	r3, #153
 288 00d0 1B04     		lsls	r3, r3, #16
 289 00d2 1C4A     		ldr	r2, .L13+8
 290 00d4 1360     		str	r3, [r2]
 337:Generated_Source\PSoC4/cyfitter_cfg.c **** 		CY_SET_REG32((void *)(CYREG_HSIOM_PORT_SEL3), 0x0000EE00u);
 291              		.loc 1 337 0
 292 00d6 EE21     		movs	r1, #238
 293 00d8 0902     		lsls	r1, r1, #8
 294 00da 1B4A     		ldr	r2, .L13+12
 295 00dc 1160     		str	r1, [r2]
 338:Generated_Source\PSoC4/cyfitter_cfg.c **** 		CY_SET_REG32((void *)(CYREG_HSIOM_PORT_SEL4), 0x000000EEu);
 296              		.loc 1 338 0
 297 00de EE21     		movs	r1, #238
 298 00e0 1A4A     		ldr	r2, .L13+16
 299 00e2 1160     		str	r1, [r2]
 339:Generated_Source\PSoC4/cyfitter_cfg.c **** 
 340:Generated_Source\PSoC4/cyfitter_cfg.c **** 		/* UDB_PA_0 Starting address: CYDEV_UDB_PA0_BASE */
 341:Generated_Source\PSoC4/cyfitter_cfg.c **** 		CY_SET_REG32((void *)(CYDEV_UDB_PA0_BASE), 0x00990000u);
 300              		.loc 1 341 0
 301 00e4 1A4A     		ldr	r2, .L13+20
 302 00e6 1360     		str	r3, [r2]
 342:Generated_Source\PSoC4/cyfitter_cfg.c **** 
 343:Generated_Source\PSoC4/cyfitter_cfg.c **** 		/* UDB_PA_1 Starting address: CYDEV_UDB_PA1_BASE */
 344:Generated_Source\PSoC4/cyfitter_cfg.c **** 		CY_SET_REG32((void *)(CYDEV_UDB_PA1_BASE), 0x00990000u);
 303              		.loc 1 344 0
 304 00e8 1A4A     		ldr	r2, .L13+24
 305 00ea 1360     		str	r3, [r2]
 345:Generated_Source\PSoC4/cyfitter_cfg.c **** 
 346:Generated_Source\PSoC4/cyfitter_cfg.c **** 		/* UDB_PA_3 Starting address: CYDEV_UDB_PA3_BASE */
 347:Generated_Source\PSoC4/cyfitter_cfg.c **** 		CY_SET_REG32((void *)(CYDEV_UDB_PA3_BASE), 0x00990000u);
 306              		.loc 1 347 0
 307 00ec 1A4A     		ldr	r2, .L13+28
 308 00ee 1360     		str	r3, [r2]
 348:Generated_Source\PSoC4/cyfitter_cfg.c **** 
 349:Generated_Source\PSoC4/cyfitter_cfg.c **** 		/* INT_SELECT Starting address: CYDEV_CPUSS_INTR_SELECT */
 350:Generated_Source\PSoC4/cyfitter_cfg.c **** 		CY_SET_REG32((void *)(CYREG_CPUSS_INTR_SELECT), 0x00000001u);
 309              		.loc 1 350 0
 310 00f0 ED39     		subs	r1, r1, #237
 311 00f2 1A4B     		ldr	r3, .L13+32
 312 00f4 1960     		str	r1, [r3]
 351:Generated_Source\PSoC4/cyfitter_cfg.c **** 
 352:Generated_Source\PSoC4/cyfitter_cfg.c **** 		/* INT_CONFIG Starting address: CYDEV_UDB_INT_CFG */
 353:Generated_Source\PSoC4/cyfitter_cfg.c **** 		CY_SET_REG32((void *)(CYREG_UDB_INT_CFG), 0x00000002u);
 313              		.loc 1 353 0
 314 00f6 0222     		movs	r2, #2
 315 00f8 194B     		ldr	r3, .L13+36
 316 00fa 1A60     		str	r2, [r3]
 354:Generated_Source\PSoC4/cyfitter_cfg.c **** 
 355:Generated_Source\PSoC4/cyfitter_cfg.c **** 		/* Enable digital routing */
 356:Generated_Source\PSoC4/cyfitter_cfg.c **** 		CY_SET_XTND_REG8((void *)CYREG_UDB_UDBIF_BANK_CTL, (uint8)(CY_GET_XTND_REG8((void *)CYREG_UDB_UDB
 317              		.loc 1 356 0
 318 00fc 1948     		ldr	r0, .L13+40
 319 00fe 0478     		ldrb	r4, [r0]
 320              	.LVL24:
ARM GAS  C:\Users\pspen\AppData\Local\Temp\ccmEpFSd.s 			page 13


 321 0100 0623     		movs	r3, #6
 322 0102 2343     		orrs	r3, r4
 323 0104 DBB2     		uxtb	r3, r3
 324 0106 0370     		strb	r3, [r0]
 325              	.LBE3:
 357:Generated_Source\PSoC4/cyfitter_cfg.c **** 	}
 358:Generated_Source\PSoC4/cyfitter_cfg.c **** 
 359:Generated_Source\PSoC4/cyfitter_cfg.c **** 	/* Perform second pass device configuration. These items must be configured in specific order afte
 360:Generated_Source\PSoC4/cyfitter_cfg.c **** 	/* IOPINS0_0 Starting address: CYDEV_PRT0_BASE */
 361:Generated_Source\PSoC4/cyfitter_cfg.c **** 	CY_SET_REG32((void *)(CYDEV_PRT0_BASE), 0x00000020u);
 326              		.loc 1 361 0
 327 0108 2023     		movs	r3, #32
 328 010a 1748     		ldr	r0, .L13+44
 329 010c 0360     		str	r3, [r0]
 362:Generated_Source\PSoC4/cyfitter_cfg.c **** 	CY_SET_REG32((void *)(CYREG_PRT0_PC), 0x00031000u);
 330              		.loc 1 362 0
 331 010e C424     		movs	r4, #196
 332 0110 A402     		lsls	r4, r4, #10
 333 0112 1648     		ldr	r0, .L13+48
 334 0114 0460     		str	r4, [r0]
 363:Generated_Source\PSoC4/cyfitter_cfg.c **** 	CY_SET_REG32((void *)(CYREG_PRT0_PC2), 0x00000020u);
 335              		.loc 1 363 0
 336 0116 1648     		ldr	r0, .L13+52
 337 0118 0360     		str	r3, [r0]
 364:Generated_Source\PSoC4/cyfitter_cfg.c **** 
 365:Generated_Source\PSoC4/cyfitter_cfg.c **** 	/* IOPINS0_1 Starting address: CYDEV_PRT1_BASE */
 366:Generated_Source\PSoC4/cyfitter_cfg.c **** 	CY_SET_REG32((void *)(CYDEV_PRT1_BASE), 0x00000001u);
 338              		.loc 1 366 0
 339 011a 164B     		ldr	r3, .L13+56
 340 011c 1960     		str	r1, [r3]
 367:Generated_Source\PSoC4/cyfitter_cfg.c **** 	CY_SET_REG32((void *)(CYREG_PRT1_PC), 0x00000002u);
 341              		.loc 1 367 0
 342 011e 164B     		ldr	r3, .L13+60
 343 0120 1A60     		str	r2, [r3]
 368:Generated_Source\PSoC4/cyfitter_cfg.c **** 
 369:Generated_Source\PSoC4/cyfitter_cfg.c **** 	/* IOPINS0_3 Starting address: CYDEV_PRT3_BASE */
 370:Generated_Source\PSoC4/cyfitter_cfg.c **** 	CY_SET_REG32((void *)(CYREG_PRT3_PC), 0x00000D80u);
 344              		.loc 1 370 0
 345 0122 D822     		movs	r2, #216
 346 0124 1201     		lsls	r2, r2, #4
 347 0126 154B     		ldr	r3, .L13+64
 348 0128 1A60     		str	r2, [r3]
 371:Generated_Source\PSoC4/cyfitter_cfg.c **** 
 372:Generated_Source\PSoC4/cyfitter_cfg.c **** 	/* IOPINS0_4 Starting address: CYDEV_PRT4_BASE */
 373:Generated_Source\PSoC4/cyfitter_cfg.c **** 	CY_SET_REG32((void *)(CYDEV_PRT4_BASE), 0x00000003u);
 349              		.loc 1 373 0
 350 012a 0322     		movs	r2, #3
 351 012c 144B     		ldr	r3, .L13+68
 352 012e 1A60     		str	r2, [r3]
 374:Generated_Source\PSoC4/cyfitter_cfg.c **** 	CY_SET_REG32((void *)(CYREG_PRT4_PC), 0x00000024u);
 353              		.loc 1 374 0
 354 0130 2132     		adds	r2, r2, #33
 355 0132 144B     		ldr	r3, .L13+72
 356 0134 1A60     		str	r2, [r3]
 375:Generated_Source\PSoC4/cyfitter_cfg.c **** 
 376:Generated_Source\PSoC4/cyfitter_cfg.c **** 
 377:Generated_Source\PSoC4/cyfitter_cfg.c **** 	/* Setup clocks based on selections from Clock DWR */
ARM GAS  C:\Users\pspen\AppData\Local\Temp\ccmEpFSd.s 			page 14


 378:Generated_Source\PSoC4/cyfitter_cfg.c **** 	ClockSetup();
 357              		.loc 1 378 0
 358 0136 FFF763FF 		bl	ClockSetup
 359              	.LVL25:
 379:Generated_Source\PSoC4/cyfitter_cfg.c **** 
 380:Generated_Source\PSoC4/cyfitter_cfg.c **** 	/* Perform basic analog initialization to defaults */
 381:Generated_Source\PSoC4/cyfitter_cfg.c **** 	AnalogSetDefault();
 382:Generated_Source\PSoC4/cyfitter_cfg.c **** 
 383:Generated_Source\PSoC4/cyfitter_cfg.c **** }
 360              		.loc 1 383 0
 361              		@ sp needed
 362 013a 10BD     		pop	{r4, pc}
 363              	.L14:
 364              		.align	2
 365              	.L13:
 366 013c 1C700F40 		.word	1074753564
 367 0140 00000000 		.word	.LANCHOR0
 368 0144 00000140 		.word	1073807360
 369 0148 0C000140 		.word	1073807372
 370 014c 10000140 		.word	1073807376
 371 0150 00500F40 		.word	1074745344
 372 0154 10500F40 		.word	1074745360
 373 0158 30500F40 		.word	1074745392
 374 015c 20000040 		.word	1073741856
 375 0160 00800F40 		.word	1074757632
 376 0164 00700F40 		.word	1074753536
 377 0168 00000440 		.word	1074003968
 378 016c 08000440 		.word	1074003976
 379 0170 18000440 		.word	1074003992
 380 0174 00010440 		.word	1074004224
 381 0178 08010440 		.word	1074004232
 382 017c 08030440 		.word	1074004744
 383 0180 00040440 		.word	1074004992
 384 0184 08040440 		.word	1074005000
 385              		.cfi_endproc
 386              	.LFE6:
 387              		.size	cyfitter_cfg, .-cyfitter_cfg
 388              		.section	.rodata
 389              		.align	2
 390              		.set	.LANCHOR0,. + 0
 391              		.type	cfg_memset_list.4870, %object
 392              		.size	cfg_memset_list.4870, 12
 393              	cfg_memset_list.4870:
 394 0000 00300F40 		.word	1074737152
 395 0004 0004     		.short	1024
 396 0006 00400F40 		.4byte	1074741248
 397 000a 0004     		.short	1024
 398              		.type	cy_cfg_data_table.4865, %object
 399              		.size	cy_cfg_data_table.4865, 10
 400              	cy_cfg_data_table.4865:
 401 000c 6F       		.byte	111
 402 000d 20       		.byte	32
 403 000e DA       		.byte	-38
 404 000f 80       		.byte	-128
 405 0010 03       		.byte	3
 406 0011 20       		.byte	32
 407 0012 A7       		.byte	-89
ARM GAS  C:\Users\pspen\AppData\Local\Temp\ccmEpFSd.s 			page 15


 408 0013 20       		.byte	32
 409 0014 C0       		.byte	-64
 410 0015 10       		.byte	16
 411 0016 0000     		.space	2
 412              		.type	cy_cfg_addr_table.4864, %object
 413              		.size	cy_cfg_addr_table.4864, 8
 414              	cy_cfg_addr_table.4864:
 415 0018 02400F40 		.word	1074741250
 416 001c 03410F40 		.word	1074741507
 417              		.text
 418              	.Letext0:
 419              		.file 2 "c:\\program files (x86)\\cypress\\psoc creator\\4.4\\psoc creator\\import\\gnu\\arm\\5.4.
 420              		.file 3 "Generated_Source\\PSoC4\\cytypes.h"
 421              		.file 4 "Generated_Source\\PSoC4\\CyLib.h"
 422              		.section	.debug_info,"",%progbits
 423              	.Ldebug_info0:
 424 0000 9C030000 		.4byte	0x39c
 425 0004 0400     		.2byte	0x4
 426 0006 00000000 		.4byte	.Ldebug_abbrev0
 427 000a 04       		.byte	0x4
 428 000b 01       		.uleb128 0x1
 429 000c A2010000 		.4byte	.LASF39
 430 0010 0C       		.byte	0xc
 431 0011 CF020000 		.4byte	.LASF40
 432 0015 57000000 		.4byte	.LASF41
 433 0019 00000000 		.4byte	.Ldebug_ranges0+0
 434 001d 00000000 		.4byte	0
 435 0021 00000000 		.4byte	.Ldebug_line0
 436 0025 02       		.uleb128 0x2
 437 0026 04       		.byte	0x4
 438 0027 05       		.byte	0x5
 439 0028 696E7400 		.ascii	"int\000"
 440 002c 03       		.uleb128 0x3
 441 002d 06000000 		.4byte	.LASF12
 442 0031 02       		.byte	0x2
 443 0032 D8       		.byte	0xd8
 444 0033 37000000 		.4byte	0x37
 445 0037 04       		.uleb128 0x4
 446 0038 04       		.byte	0x4
 447 0039 07       		.byte	0x7
 448 003a 69010000 		.4byte	.LASF0
 449 003e 04       		.uleb128 0x4
 450 003f 08       		.byte	0x8
 451 0040 05       		.byte	0x5
 452 0041 62020000 		.4byte	.LASF1
 453 0045 04       		.uleb128 0x4
 454 0046 08       		.byte	0x8
 455 0047 04       		.byte	0x4
 456 0048 B7020000 		.4byte	.LASF2
 457 004c 04       		.uleb128 0x4
 458 004d 01       		.byte	0x1
 459 004e 06       		.byte	0x6
 460 004f C3020000 		.4byte	.LASF3
 461 0053 04       		.uleb128 0x4
 462 0054 01       		.byte	0x1
 463 0055 08       		.byte	0x8
 464 0056 0B010000 		.4byte	.LASF4
ARM GAS  C:\Users\pspen\AppData\Local\Temp\ccmEpFSd.s 			page 16


 465 005a 04       		.uleb128 0x4
 466 005b 02       		.byte	0x2
 467 005c 05       		.byte	0x5
 468 005d 8F020000 		.4byte	.LASF5
 469 0061 04       		.uleb128 0x4
 470 0062 02       		.byte	0x2
 471 0063 07       		.byte	0x7
 472 0064 4F020000 		.4byte	.LASF6
 473 0068 04       		.uleb128 0x4
 474 0069 04       		.byte	0x4
 475 006a 05       		.byte	0x5
 476 006b AE020000 		.4byte	.LASF7
 477 006f 04       		.uleb128 0x4
 478 0070 04       		.byte	0x4
 479 0071 07       		.byte	0x7
 480 0072 E9000000 		.4byte	.LASF8
 481 0076 04       		.uleb128 0x4
 482 0077 08       		.byte	0x8
 483 0078 07       		.byte	0x7
 484 0079 8B010000 		.4byte	.LASF9
 485 007d 04       		.uleb128 0x4
 486 007e 04       		.byte	0x4
 487 007f 07       		.byte	0x7
 488 0080 46020000 		.4byte	.LASF10
 489 0084 05       		.uleb128 0x5
 490 0085 04       		.byte	0x4
 491 0086 04       		.uleb128 0x4
 492 0087 01       		.byte	0x1
 493 0088 08       		.byte	0x8
 494 0089 70020000 		.4byte	.LASF11
 495 008d 06       		.uleb128 0x6
 496 008e FB000000 		.4byte	.LASF13
 497 0092 03       		.byte	0x3
 498 0093 FC01     		.2byte	0x1fc
 499 0095 53000000 		.4byte	0x53
 500 0099 06       		.uleb128 0x6
 501 009a 50010000 		.4byte	.LASF14
 502 009e 03       		.byte	0x3
 503 009f FD01     		.2byte	0x1fd
 504 00a1 61000000 		.4byte	0x61
 505 00a5 06       		.uleb128 0x6
 506 00a6 62010000 		.4byte	.LASF15
 507 00aa 03       		.byte	0x3
 508 00ab FE01     		.2byte	0x1fe
 509 00ad 6F000000 		.4byte	0x6f
 510 00b1 04       		.uleb128 0x4
 511 00b2 04       		.byte	0x4
 512 00b3 04       		.byte	0x4
 513 00b4 C9000000 		.4byte	.LASF16
 514 00b8 04       		.uleb128 0x4
 515 00b9 08       		.byte	0x8
 516 00ba 04       		.byte	0x4
 517 00bb 20010000 		.4byte	.LASF17
 518 00bf 06       		.uleb128 0x6
 519 00c0 E4000000 		.4byte	.LASF18
 520 00c4 03       		.byte	0x3
 521 00c5 A602     		.2byte	0x2a6
ARM GAS  C:\Users\pspen\AppData\Local\Temp\ccmEpFSd.s 			page 17


 522 00c7 CB000000 		.4byte	0xcb
 523 00cb 07       		.uleb128 0x7
 524 00cc 8D000000 		.4byte	0x8d
 525 00d0 06       		.uleb128 0x6
 526 00d1 00000000 		.4byte	.LASF19
 527 00d5 03       		.byte	0x3
 528 00d6 A802     		.2byte	0x2a8
 529 00d8 DC000000 		.4byte	0xdc
 530 00dc 07       		.uleb128 0x7
 531 00dd A5000000 		.4byte	0xa5
 532 00e1 08       		.uleb128 0x8
 533 00e2 02       		.byte	0x2
 534 00e3 01       		.byte	0x1
 535 00e4 97       		.byte	0x97
 536 00e5 02010000 		.4byte	0x102
 537 00e9 09       		.uleb128 0x9
 538 00ea 88020000 		.4byte	.LASF20
 539 00ee 01       		.byte	0x1
 540 00ef 99       		.byte	0x99
 541 00f0 8D000000 		.4byte	0x8d
 542 00f4 00       		.byte	0
 543 00f5 09       		.uleb128 0x9
 544 00f6 1C000000 		.4byte	.LASF21
 545 00fa 01       		.byte	0x1
 546 00fb 9A       		.byte	0x9a
 547 00fc 8D000000 		.4byte	0x8d
 548 0100 01       		.byte	0x1
 549 0101 00       		.byte	0
 550 0102 03       		.uleb128 0x3
 551 0103 75020000 		.4byte	.LASF22
 552 0107 01       		.byte	0x1
 553 0108 9B       		.byte	0x9b
 554 0109 E1000000 		.4byte	0xe1
 555 010d 0A       		.uleb128 0xa
 556 010e 27010000 		.4byte	.LASF27
 557 0112 01       		.byte	0x1
 558 0113 AE       		.byte	0xae
 559 0114 00000000 		.4byte	.LFB3
 560 0118 32000000 		.4byte	.LFE3-.LFB3
 561 011c 01       		.uleb128 0x1
 562 011d 9C       		.byte	0x9c
 563 011e 7F010000 		.4byte	0x17f
 564 0122 0B       		.uleb128 0xb
 565 0123 45010000 		.4byte	.LASF23
 566 0127 01       		.byte	0x1
 567 0128 AE       		.byte	0xae
 568 0129 7F010000 		.4byte	0x17f
 569 012d 01       		.uleb128 0x1
 570 012e 50       		.byte	0x50
 571 012f 0B       		.uleb128 0xb
 572 0130 57010000 		.4byte	.LASF24
 573 0134 01       		.byte	0x1
 574 0135 AE       		.byte	0xae
 575 0136 8A010000 		.4byte	0x18a
 576 013a 01       		.uleb128 0x1
 577 013b 51       		.byte	0x51
 578 013c 0C       		.uleb128 0xc
ARM GAS  C:\Users\pspen\AppData\Local\Temp\ccmEpFSd.s 			page 18


 579 013d 6900     		.ascii	"i\000"
 580 013f 01       		.byte	0x1
 581 0140 B1       		.byte	0xb1
 582 0141 A5000000 		.4byte	0xa5
 583 0145 00000000 		.4byte	.LLST0
 584 0149 0C       		.uleb128 0xc
 585 014a 6A00     		.ascii	"j\000"
 586 014c 01       		.byte	0x1
 587 014d B1       		.byte	0xb1
 588 014e A5000000 		.4byte	0xa5
 589 0152 1F000000 		.4byte	.LLST1
 590 0156 0D       		.uleb128 0xd
 591 0157 08000000 		.4byte	.LBB2
 592 015b 22000000 		.4byte	.LBE2-.LBB2
 593 015f 0E       		.uleb128 0xe
 594 0160 3D020000 		.4byte	.LASF25
 595 0164 01       		.byte	0x1
 596 0165 B4       		.byte	0xb4
 597 0166 A5000000 		.4byte	0xa5
 598 016a 3E000000 		.4byte	.LLST2
 599 016e 0E       		.uleb128 0xe
 600 016f 22000000 		.4byte	.LASF26
 601 0173 01       		.byte	0x1
 602 0174 B5       		.byte	0xb5
 603 0175 8D000000 		.4byte	0x8d
 604 0179 51000000 		.4byte	.LLST3
 605 017d 00       		.byte	0
 606 017e 00       		.byte	0
 607 017f 0F       		.uleb128 0xf
 608 0180 04       		.byte	0x4
 609 0181 85010000 		.4byte	0x185
 610 0185 10       		.uleb128 0x10
 611 0186 A5000000 		.4byte	0xa5
 612 018a 0F       		.uleb128 0xf
 613 018b 04       		.byte	0x4
 614 018c 90010000 		.4byte	0x190
 615 0190 10       		.uleb128 0x10
 616 0191 02010000 		.4byte	0x102
 617 0195 0A       		.uleb128 0xa
 618 0196 01010000 		.4byte	.LASF28
 619 019a 01       		.byte	0x1
 620 019b 4C       		.byte	0x4c
 621 019c 00000000 		.4byte	.LFB0
 622 01a0 0C000000 		.4byte	.LFE0-.LFB0
 623 01a4 01       		.uleb128 0x1
 624 01a5 9C       		.byte	0x9c
 625 01a6 E2010000 		.4byte	0x1e2
 626 01aa 11       		.uleb128 0x11
 627 01ab 7300     		.ascii	"s\000"
 628 01ad 01       		.byte	0x1
 629 01ae 4C       		.byte	0x4c
 630 01af 84000000 		.4byte	0x84
 631 01b3 6F000000 		.4byte	.LLST4
 632 01b7 11       		.uleb128 0x11
 633 01b8 6E00     		.ascii	"n\000"
 634 01ba 01       		.byte	0x1
 635 01bb 4C       		.byte	0x4c
ARM GAS  C:\Users\pspen\AppData\Local\Temp\ccmEpFSd.s 			page 19


 636 01bc 2C000000 		.4byte	0x2c
 637 01c0 90000000 		.4byte	.LLST5
 638 01c4 12       		.uleb128 0x12
 639 01c5 0A000000 		.4byte	.LVL14
 640 01c9 75030000 		.4byte	0x375
 641 01cd 13       		.uleb128 0x13
 642 01ce 01       		.uleb128 0x1
 643 01cf 50       		.byte	0x50
 644 01d0 03       		.uleb128 0x3
 645 01d1 F3       		.byte	0xf3
 646 01d2 01       		.uleb128 0x1
 647 01d3 50       		.byte	0x50
 648 01d4 13       		.uleb128 0x13
 649 01d5 01       		.uleb128 0x1
 650 01d6 51       		.byte	0x51
 651 01d7 01       		.uleb128 0x1
 652 01d8 30       		.byte	0x30
 653 01d9 13       		.uleb128 0x13
 654 01da 01       		.uleb128 0x1
 655 01db 52       		.byte	0x52
 656 01dc 03       		.uleb128 0x3
 657 01dd F3       		.byte	0xf3
 658 01de 01       		.uleb128 0x1
 659 01df 51       		.byte	0x51
 660 01e0 00       		.byte	0
 661 01e1 00       		.byte	0
 662 01e2 0A       		.uleb128 0xa
 663 01e3 28000000 		.4byte	.LASF29
 664 01e7 01       		.byte	0x1
 665 01e8 D3       		.byte	0xd3
 666 01e9 00000000 		.4byte	.LFB4
 667 01ed 90000000 		.4byte	.LFE4-.LFB4
 668 01f1 01       		.uleb128 0x1
 669 01f2 9C       		.byte	0x9c
 670 01f3 2D020000 		.4byte	0x22d
 671 01f7 14       		.uleb128 0x14
 672 01f8 14000000 		.4byte	.LVL15
 673 01fc 7E030000 		.4byte	0x37e
 674 0200 0A020000 		.4byte	0x20a
 675 0204 13       		.uleb128 0x13
 676 0205 01       		.uleb128 0x1
 677 0206 50       		.byte	0x50
 678 0207 01       		.uleb128 0x1
 679 0208 48       		.byte	0x48
 680 0209 00       		.byte	0
 681 020a 14       		.uleb128 0x14
 682 020b 4E000000 		.4byte	.LVL16
 683 020f 89030000 		.4byte	0x389
 684 0213 1D020000 		.4byte	0x21d
 685 0217 13       		.uleb128 0x13
 686 0218 01       		.uleb128 0x1
 687 0219 50       		.byte	0x50
 688 021a 01       		.uleb128 0x1
 689 021b 39       		.byte	0x39
 690 021c 00       		.byte	0
 691 021d 12       		.uleb128 0x12
 692 021e 54000000 		.4byte	.LVL17
ARM GAS  C:\Users\pspen\AppData\Local\Temp\ccmEpFSd.s 			page 20


 693 0222 94030000 		.4byte	0x394
 694 0226 13       		.uleb128 0x13
 695 0227 01       		.uleb128 0x1
 696 0228 50       		.byte	0x50
 697 0229 01       		.uleb128 0x1
 698 022a 39       		.byte	0x39
 699 022b 00       		.byte	0
 700 022c 00       		.byte	0
 701 022d 15       		.uleb128 0x15
 702 022e 76010000 		.4byte	.LASF42
 703 0232 01       		.byte	0x1
 704 0233 2201     		.2byte	0x122
 705 0235 90000000 		.4byte	.LFB6
 706 0239 F8000000 		.4byte	.LFE6-.LFB6
 707 023d 01       		.uleb128 0x1
 708 023e 9C       		.byte	0x9c
 709 023f 4B030000 		.4byte	0x34b
 710 0243 16       		.uleb128 0x16
 711 0244 9A000000 		.4byte	.LBB3
 712 0248 6E000000 		.4byte	.LBE3-.LBB3
 713 024c 41030000 		.4byte	0x341
 714 0250 17       		.uleb128 0x17
 715 0251 33000000 		.4byte	.LASF30
 716 0255 01       		.byte	0x1
 717 0256 2A01     		.2byte	0x12a
 718 0258 5B030000 		.4byte	0x35b
 719 025c 05       		.uleb128 0x5
 720 025d 03       		.byte	0x3
 721 025e 18000000 		.4byte	cy_cfg_addr_table.4864
 722 0262 17       		.uleb128 0x17
 723 0263 45000000 		.4byte	.LASF31
 724 0267 01       		.byte	0x1
 725 0268 2F01     		.2byte	0x12f
 726 026a 70030000 		.4byte	0x370
 727 026e 05       		.uleb128 0x5
 728 026f 03       		.byte	0x3
 729 0270 0C000000 		.4byte	cy_cfg_data_table.4865
 730 0274 18       		.uleb128 0x18
 731 0275 06       		.byte	0x6
 732 0276 01       		.byte	0x1
 733 0277 3901     		.2byte	0x139
 734 0279 98020000 		.4byte	0x298
 735 027d 19       		.uleb128 0x19
 736 027e 83010000 		.4byte	.LASF32
 737 0282 01       		.byte	0x1
 738 0283 3A01     		.2byte	0x13a
 739 0285 84000000 		.4byte	0x84
 740 0289 00       		.byte	0
 741 028a 19       		.uleb128 0x19
 742 028b DF000000 		.4byte	.LASF33
 743 028f 01       		.byte	0x1
 744 0290 3B01     		.2byte	0x13b
 745 0292 99000000 		.4byte	0x99
 746 0296 04       		.byte	0x4
 747 0297 00       		.byte	0
 748 0298 06       		.uleb128 0x6
 749 0299 30020000 		.4byte	.LASF34
ARM GAS  C:\Users\pspen\AppData\Local\Temp\ccmEpFSd.s 			page 21


 750 029d 01       		.byte	0x1
 751 029e 3C01     		.2byte	0x13c
 752 02a0 74020000 		.4byte	0x274
 753 02a4 1A       		.uleb128 0x1a
 754 02a5 B4020000 		.4byte	0x2b4
 755 02a9 B4020000 		.4byte	0x2b4
 756 02ad 1B       		.uleb128 0x1b
 757 02ae 7D000000 		.4byte	0x7d
 758 02b2 01       		.byte	0x1
 759 02b3 00       		.byte	0
 760 02b4 10       		.uleb128 0x10
 761 02b5 98020000 		.4byte	0x298
 762 02b9 17       		.uleb128 0x17
 763 02ba CF000000 		.4byte	.LASF35
 764 02be 01       		.byte	0x1
 765 02bf 3E01     		.2byte	0x13e
 766 02c1 CB020000 		.4byte	0x2cb
 767 02c5 05       		.uleb128 0x5
 768 02c6 03       		.byte	0x3
 769 02c7 00000000 		.4byte	cfg_memset_list.4870
 770 02cb 10       		.uleb128 0x10
 771 02cc A4020000 		.4byte	0x2a4
 772 02d0 1C       		.uleb128 0x1c
 773 02d1 6900     		.ascii	"i\000"
 774 02d3 01       		.byte	0x1
 775 02d4 4401     		.2byte	0x144
 776 02d6 8D000000 		.4byte	0x8d
 777 02da BC000000 		.4byte	.LLST6
 778 02de 16       		.uleb128 0x16
 779 02df 9E000000 		.4byte	.LBB4
 780 02e3 1C000000 		.4byte	.LBE4-.LBB4
 781 02e7 24030000 		.4byte	0x324
 782 02eb 1C       		.uleb128 0x1c
 783 02ec 6D7300   		.ascii	"ms\000"
 784 02ef 01       		.byte	0x1
 785 02f0 4901     		.2byte	0x149
 786 02f2 FA020000 		.4byte	0x2fa
 787 02f6 E6000000 		.4byte	.LLST7
 788 02fa 0F       		.uleb128 0xf
 789 02fb 04       		.byte	0x4
 790 02fc B4020000 		.4byte	0x2b4
 791 0300 12       		.uleb128 0x12
 792 0301 BA000000 		.4byte	.LVL20
 793 0305 95010000 		.4byte	0x195
 794 0309 13       		.uleb128 0x13
 795 030a 01       		.uleb128 0x1
 796 030b 51       		.byte	0x51
 797 030c 15       		.uleb128 0x15
 798 030d 74       		.byte	0x74
 799 030e 00       		.sleb128 0
 800 030f 31       		.byte	0x31
 801 0310 24       		.byte	0x24
 802 0311 74       		.byte	0x74
 803 0312 00       		.sleb128 0
 804 0313 22       		.byte	0x22
 805 0314 31       		.byte	0x31
 806 0315 24       		.byte	0x24
ARM GAS  C:\Users\pspen\AppData\Local\Temp\ccmEpFSd.s 			page 22


 807 0316 03       		.byte	0x3
 808 0317 04000000 		.4byte	.LANCHOR0+4
 809 031b 22       		.byte	0x22
 810 031c 94       		.byte	0x94
 811 031d 02       		.byte	0x2
 812 031e 0A       		.byte	0xa
 813 031f FFFF     		.2byte	0xffff
 814 0321 1A       		.byte	0x1a
 815 0322 00       		.byte	0
 816 0323 00       		.byte	0
 817 0324 12       		.uleb128 0x12
 818 0325 CE000000 		.4byte	.LVL23
 819 0329 0D010000 		.4byte	0x10d
 820 032d 13       		.uleb128 0x13
 821 032e 01       		.uleb128 0x1
 822 032f 50       		.byte	0x50
 823 0330 05       		.uleb128 0x5
 824 0331 03       		.byte	0x3
 825 0332 18000000 		.4byte	.LANCHOR0+24
 826 0336 13       		.uleb128 0x13
 827 0337 01       		.uleb128 0x1
 828 0338 51       		.byte	0x51
 829 0339 05       		.uleb128 0x5
 830 033a 03       		.byte	0x3
 831 033b 0C000000 		.4byte	.LANCHOR0+12
 832 033f 00       		.byte	0
 833 0340 00       		.byte	0
 834 0341 1D       		.uleb128 0x1d
 835 0342 3A010000 		.4byte	.LVL25
 836 0346 E2010000 		.4byte	0x1e2
 837 034a 00       		.byte	0
 838 034b 1A       		.uleb128 0x1a
 839 034c 85010000 		.4byte	0x185
 840 0350 5B030000 		.4byte	0x35b
 841 0354 1B       		.uleb128 0x1b
 842 0355 7D000000 		.4byte	0x7d
 843 0359 01       		.byte	0x1
 844 035a 00       		.byte	0
 845 035b 10       		.uleb128 0x10
 846 035c 4B030000 		.4byte	0x34b
 847 0360 1A       		.uleb128 0x1a
 848 0361 90010000 		.4byte	0x190
 849 0365 70030000 		.4byte	0x370
 850 0369 1B       		.uleb128 0x1b
 851 036a 7D000000 		.4byte	0x7d
 852 036e 04       		.byte	0x4
 853 036f 00       		.byte	0
 854 0370 10       		.uleb128 0x10
 855 0371 60030000 		.4byte	0x360
 856 0375 1E       		.uleb128 0x1e
 857 0376 19010000 		.4byte	.LASF43
 858 037a 19010000 		.4byte	.LASF43
 859 037e 1F       		.uleb128 0x1f
 860 037f 99020000 		.4byte	.LASF36
 861 0383 99020000 		.4byte	.LASF36
 862 0387 04       		.byte	0x4
 863 0388 6C       		.byte	0x6c
ARM GAS  C:\Users\pspen\AppData\Local\Temp\ccmEpFSd.s 			page 23


 864 0389 1F       		.uleb128 0x1f
 865 038a 0D000000 		.4byte	.LASF37
 866 038e 0D000000 		.4byte	.LASF37
 867 0392 04       		.byte	0x4
 868 0393 D0       		.byte	0xd0
 869 0394 1F       		.uleb128 0x1f
 870 0395 39010000 		.4byte	.LASF38
 871 0399 39010000 		.4byte	.LASF38
 872 039d 04       		.byte	0x4
 873 039e D6       		.byte	0xd6
 874 039f 00       		.byte	0
 875              		.section	.debug_abbrev,"",%progbits
 876              	.Ldebug_abbrev0:
 877 0000 01       		.uleb128 0x1
 878 0001 11       		.uleb128 0x11
 879 0002 01       		.byte	0x1
 880 0003 25       		.uleb128 0x25
 881 0004 0E       		.uleb128 0xe
 882 0005 13       		.uleb128 0x13
 883 0006 0B       		.uleb128 0xb
 884 0007 03       		.uleb128 0x3
 885 0008 0E       		.uleb128 0xe
 886 0009 1B       		.uleb128 0x1b
 887 000a 0E       		.uleb128 0xe
 888 000b 55       		.uleb128 0x55
 889 000c 17       		.uleb128 0x17
 890 000d 11       		.uleb128 0x11
 891 000e 01       		.uleb128 0x1
 892 000f 10       		.uleb128 0x10
 893 0010 17       		.uleb128 0x17
 894 0011 00       		.byte	0
 895 0012 00       		.byte	0
 896 0013 02       		.uleb128 0x2
 897 0014 24       		.uleb128 0x24
 898 0015 00       		.byte	0
 899 0016 0B       		.uleb128 0xb
 900 0017 0B       		.uleb128 0xb
 901 0018 3E       		.uleb128 0x3e
 902 0019 0B       		.uleb128 0xb
 903 001a 03       		.uleb128 0x3
 904 001b 08       		.uleb128 0x8
 905 001c 00       		.byte	0
 906 001d 00       		.byte	0
 907 001e 03       		.uleb128 0x3
 908 001f 16       		.uleb128 0x16
 909 0020 00       		.byte	0
 910 0021 03       		.uleb128 0x3
 911 0022 0E       		.uleb128 0xe
 912 0023 3A       		.uleb128 0x3a
 913 0024 0B       		.uleb128 0xb
 914 0025 3B       		.uleb128 0x3b
 915 0026 0B       		.uleb128 0xb
 916 0027 49       		.uleb128 0x49
 917 0028 13       		.uleb128 0x13
 918 0029 00       		.byte	0
 919 002a 00       		.byte	0
 920 002b 04       		.uleb128 0x4
ARM GAS  C:\Users\pspen\AppData\Local\Temp\ccmEpFSd.s 			page 24


 921 002c 24       		.uleb128 0x24
 922 002d 00       		.byte	0
 923 002e 0B       		.uleb128 0xb
 924 002f 0B       		.uleb128 0xb
 925 0030 3E       		.uleb128 0x3e
 926 0031 0B       		.uleb128 0xb
 927 0032 03       		.uleb128 0x3
 928 0033 0E       		.uleb128 0xe
 929 0034 00       		.byte	0
 930 0035 00       		.byte	0
 931 0036 05       		.uleb128 0x5
 932 0037 0F       		.uleb128 0xf
 933 0038 00       		.byte	0
 934 0039 0B       		.uleb128 0xb
 935 003a 0B       		.uleb128 0xb
 936 003b 00       		.byte	0
 937 003c 00       		.byte	0
 938 003d 06       		.uleb128 0x6
 939 003e 16       		.uleb128 0x16
 940 003f 00       		.byte	0
 941 0040 03       		.uleb128 0x3
 942 0041 0E       		.uleb128 0xe
 943 0042 3A       		.uleb128 0x3a
 944 0043 0B       		.uleb128 0xb
 945 0044 3B       		.uleb128 0x3b
 946 0045 05       		.uleb128 0x5
 947 0046 49       		.uleb128 0x49
 948 0047 13       		.uleb128 0x13
 949 0048 00       		.byte	0
 950 0049 00       		.byte	0
 951 004a 07       		.uleb128 0x7
 952 004b 35       		.uleb128 0x35
 953 004c 00       		.byte	0
 954 004d 49       		.uleb128 0x49
 955 004e 13       		.uleb128 0x13
 956 004f 00       		.byte	0
 957 0050 00       		.byte	0
 958 0051 08       		.uleb128 0x8
 959 0052 13       		.uleb128 0x13
 960 0053 01       		.byte	0x1
 961 0054 0B       		.uleb128 0xb
 962 0055 0B       		.uleb128 0xb
 963 0056 3A       		.uleb128 0x3a
 964 0057 0B       		.uleb128 0xb
 965 0058 3B       		.uleb128 0x3b
 966 0059 0B       		.uleb128 0xb
 967 005a 01       		.uleb128 0x1
 968 005b 13       		.uleb128 0x13
 969 005c 00       		.byte	0
 970 005d 00       		.byte	0
 971 005e 09       		.uleb128 0x9
 972 005f 0D       		.uleb128 0xd
 973 0060 00       		.byte	0
 974 0061 03       		.uleb128 0x3
 975 0062 0E       		.uleb128 0xe
 976 0063 3A       		.uleb128 0x3a
 977 0064 0B       		.uleb128 0xb
ARM GAS  C:\Users\pspen\AppData\Local\Temp\ccmEpFSd.s 			page 25


 978 0065 3B       		.uleb128 0x3b
 979 0066 0B       		.uleb128 0xb
 980 0067 49       		.uleb128 0x49
 981 0068 13       		.uleb128 0x13
 982 0069 38       		.uleb128 0x38
 983 006a 0B       		.uleb128 0xb
 984 006b 00       		.byte	0
 985 006c 00       		.byte	0
 986 006d 0A       		.uleb128 0xa
 987 006e 2E       		.uleb128 0x2e
 988 006f 01       		.byte	0x1
 989 0070 03       		.uleb128 0x3
 990 0071 0E       		.uleb128 0xe
 991 0072 3A       		.uleb128 0x3a
 992 0073 0B       		.uleb128 0xb
 993 0074 3B       		.uleb128 0x3b
 994 0075 0B       		.uleb128 0xb
 995 0076 27       		.uleb128 0x27
 996 0077 19       		.uleb128 0x19
 997 0078 11       		.uleb128 0x11
 998 0079 01       		.uleb128 0x1
 999 007a 12       		.uleb128 0x12
 1000 007b 06       		.uleb128 0x6
 1001 007c 40       		.uleb128 0x40
 1002 007d 18       		.uleb128 0x18
 1003 007e 9742     		.uleb128 0x2117
 1004 0080 19       		.uleb128 0x19
 1005 0081 01       		.uleb128 0x1
 1006 0082 13       		.uleb128 0x13
 1007 0083 00       		.byte	0
 1008 0084 00       		.byte	0
 1009 0085 0B       		.uleb128 0xb
 1010 0086 05       		.uleb128 0x5
 1011 0087 00       		.byte	0
 1012 0088 03       		.uleb128 0x3
 1013 0089 0E       		.uleb128 0xe
 1014 008a 3A       		.uleb128 0x3a
 1015 008b 0B       		.uleb128 0xb
 1016 008c 3B       		.uleb128 0x3b
 1017 008d 0B       		.uleb128 0xb
 1018 008e 49       		.uleb128 0x49
 1019 008f 13       		.uleb128 0x13
 1020 0090 02       		.uleb128 0x2
 1021 0091 18       		.uleb128 0x18
 1022 0092 00       		.byte	0
 1023 0093 00       		.byte	0
 1024 0094 0C       		.uleb128 0xc
 1025 0095 34       		.uleb128 0x34
 1026 0096 00       		.byte	0
 1027 0097 03       		.uleb128 0x3
 1028 0098 08       		.uleb128 0x8
 1029 0099 3A       		.uleb128 0x3a
 1030 009a 0B       		.uleb128 0xb
 1031 009b 3B       		.uleb128 0x3b
 1032 009c 0B       		.uleb128 0xb
 1033 009d 49       		.uleb128 0x49
 1034 009e 13       		.uleb128 0x13
ARM GAS  C:\Users\pspen\AppData\Local\Temp\ccmEpFSd.s 			page 26


 1035 009f 02       		.uleb128 0x2
 1036 00a0 17       		.uleb128 0x17
 1037 00a1 00       		.byte	0
 1038 00a2 00       		.byte	0
 1039 00a3 0D       		.uleb128 0xd
 1040 00a4 0B       		.uleb128 0xb
 1041 00a5 01       		.byte	0x1
 1042 00a6 11       		.uleb128 0x11
 1043 00a7 01       		.uleb128 0x1
 1044 00a8 12       		.uleb128 0x12
 1045 00a9 06       		.uleb128 0x6
 1046 00aa 00       		.byte	0
 1047 00ab 00       		.byte	0
 1048 00ac 0E       		.uleb128 0xe
 1049 00ad 34       		.uleb128 0x34
 1050 00ae 00       		.byte	0
 1051 00af 03       		.uleb128 0x3
 1052 00b0 0E       		.uleb128 0xe
 1053 00b1 3A       		.uleb128 0x3a
 1054 00b2 0B       		.uleb128 0xb
 1055 00b3 3B       		.uleb128 0x3b
 1056 00b4 0B       		.uleb128 0xb
 1057 00b5 49       		.uleb128 0x49
 1058 00b6 13       		.uleb128 0x13
 1059 00b7 02       		.uleb128 0x2
 1060 00b8 17       		.uleb128 0x17
 1061 00b9 00       		.byte	0
 1062 00ba 00       		.byte	0
 1063 00bb 0F       		.uleb128 0xf
 1064 00bc 0F       		.uleb128 0xf
 1065 00bd 00       		.byte	0
 1066 00be 0B       		.uleb128 0xb
 1067 00bf 0B       		.uleb128 0xb
 1068 00c0 49       		.uleb128 0x49
 1069 00c1 13       		.uleb128 0x13
 1070 00c2 00       		.byte	0
 1071 00c3 00       		.byte	0
 1072 00c4 10       		.uleb128 0x10
 1073 00c5 26       		.uleb128 0x26
 1074 00c6 00       		.byte	0
 1075 00c7 49       		.uleb128 0x49
 1076 00c8 13       		.uleb128 0x13
 1077 00c9 00       		.byte	0
 1078 00ca 00       		.byte	0
 1079 00cb 11       		.uleb128 0x11
 1080 00cc 05       		.uleb128 0x5
 1081 00cd 00       		.byte	0
 1082 00ce 03       		.uleb128 0x3
 1083 00cf 08       		.uleb128 0x8
 1084 00d0 3A       		.uleb128 0x3a
 1085 00d1 0B       		.uleb128 0xb
 1086 00d2 3B       		.uleb128 0x3b
 1087 00d3 0B       		.uleb128 0xb
 1088 00d4 49       		.uleb128 0x49
 1089 00d5 13       		.uleb128 0x13
 1090 00d6 02       		.uleb128 0x2
 1091 00d7 17       		.uleb128 0x17
ARM GAS  C:\Users\pspen\AppData\Local\Temp\ccmEpFSd.s 			page 27


 1092 00d8 00       		.byte	0
 1093 00d9 00       		.byte	0
 1094 00da 12       		.uleb128 0x12
 1095 00db 898201   		.uleb128 0x4109
 1096 00de 01       		.byte	0x1
 1097 00df 11       		.uleb128 0x11
 1098 00e0 01       		.uleb128 0x1
 1099 00e1 31       		.uleb128 0x31
 1100 00e2 13       		.uleb128 0x13
 1101 00e3 00       		.byte	0
 1102 00e4 00       		.byte	0
 1103 00e5 13       		.uleb128 0x13
 1104 00e6 8A8201   		.uleb128 0x410a
 1105 00e9 00       		.byte	0
 1106 00ea 02       		.uleb128 0x2
 1107 00eb 18       		.uleb128 0x18
 1108 00ec 9142     		.uleb128 0x2111
 1109 00ee 18       		.uleb128 0x18
 1110 00ef 00       		.byte	0
 1111 00f0 00       		.byte	0
 1112 00f1 14       		.uleb128 0x14
 1113 00f2 898201   		.uleb128 0x4109
 1114 00f5 01       		.byte	0x1
 1115 00f6 11       		.uleb128 0x11
 1116 00f7 01       		.uleb128 0x1
 1117 00f8 31       		.uleb128 0x31
 1118 00f9 13       		.uleb128 0x13
 1119 00fa 01       		.uleb128 0x1
 1120 00fb 13       		.uleb128 0x13
 1121 00fc 00       		.byte	0
 1122 00fd 00       		.byte	0
 1123 00fe 15       		.uleb128 0x15
 1124 00ff 2E       		.uleb128 0x2e
 1125 0100 01       		.byte	0x1
 1126 0101 3F       		.uleb128 0x3f
 1127 0102 19       		.uleb128 0x19
 1128 0103 03       		.uleb128 0x3
 1129 0104 0E       		.uleb128 0xe
 1130 0105 3A       		.uleb128 0x3a
 1131 0106 0B       		.uleb128 0xb
 1132 0107 3B       		.uleb128 0x3b
 1133 0108 05       		.uleb128 0x5
 1134 0109 27       		.uleb128 0x27
 1135 010a 19       		.uleb128 0x19
 1136 010b 11       		.uleb128 0x11
 1137 010c 01       		.uleb128 0x1
 1138 010d 12       		.uleb128 0x12
 1139 010e 06       		.uleb128 0x6
 1140 010f 40       		.uleb128 0x40
 1141 0110 18       		.uleb128 0x18
 1142 0111 9742     		.uleb128 0x2117
 1143 0113 19       		.uleb128 0x19
 1144 0114 01       		.uleb128 0x1
 1145 0115 13       		.uleb128 0x13
 1146 0116 00       		.byte	0
 1147 0117 00       		.byte	0
 1148 0118 16       		.uleb128 0x16
ARM GAS  C:\Users\pspen\AppData\Local\Temp\ccmEpFSd.s 			page 28


 1149 0119 0B       		.uleb128 0xb
 1150 011a 01       		.byte	0x1
 1151 011b 11       		.uleb128 0x11
 1152 011c 01       		.uleb128 0x1
 1153 011d 12       		.uleb128 0x12
 1154 011e 06       		.uleb128 0x6
 1155 011f 01       		.uleb128 0x1
 1156 0120 13       		.uleb128 0x13
 1157 0121 00       		.byte	0
 1158 0122 00       		.byte	0
 1159 0123 17       		.uleb128 0x17
 1160 0124 34       		.uleb128 0x34
 1161 0125 00       		.byte	0
 1162 0126 03       		.uleb128 0x3
 1163 0127 0E       		.uleb128 0xe
 1164 0128 3A       		.uleb128 0x3a
 1165 0129 0B       		.uleb128 0xb
 1166 012a 3B       		.uleb128 0x3b
 1167 012b 05       		.uleb128 0x5
 1168 012c 49       		.uleb128 0x49
 1169 012d 13       		.uleb128 0x13
 1170 012e 02       		.uleb128 0x2
 1171 012f 18       		.uleb128 0x18
 1172 0130 00       		.byte	0
 1173 0131 00       		.byte	0
 1174 0132 18       		.uleb128 0x18
 1175 0133 13       		.uleb128 0x13
 1176 0134 01       		.byte	0x1
 1177 0135 0B       		.uleb128 0xb
 1178 0136 0B       		.uleb128 0xb
 1179 0137 3A       		.uleb128 0x3a
 1180 0138 0B       		.uleb128 0xb
 1181 0139 3B       		.uleb128 0x3b
 1182 013a 05       		.uleb128 0x5
 1183 013b 01       		.uleb128 0x1
 1184 013c 13       		.uleb128 0x13
 1185 013d 00       		.byte	0
 1186 013e 00       		.byte	0
 1187 013f 19       		.uleb128 0x19
 1188 0140 0D       		.uleb128 0xd
 1189 0141 00       		.byte	0
 1190 0142 03       		.uleb128 0x3
 1191 0143 0E       		.uleb128 0xe
 1192 0144 3A       		.uleb128 0x3a
 1193 0145 0B       		.uleb128 0xb
 1194 0146 3B       		.uleb128 0x3b
 1195 0147 05       		.uleb128 0x5
 1196 0148 49       		.uleb128 0x49
 1197 0149 13       		.uleb128 0x13
 1198 014a 38       		.uleb128 0x38
 1199 014b 0B       		.uleb128 0xb
 1200 014c 00       		.byte	0
 1201 014d 00       		.byte	0
 1202 014e 1A       		.uleb128 0x1a
 1203 014f 01       		.uleb128 0x1
 1204 0150 01       		.byte	0x1
 1205 0151 49       		.uleb128 0x49
ARM GAS  C:\Users\pspen\AppData\Local\Temp\ccmEpFSd.s 			page 29


 1206 0152 13       		.uleb128 0x13
 1207 0153 01       		.uleb128 0x1
 1208 0154 13       		.uleb128 0x13
 1209 0155 00       		.byte	0
 1210 0156 00       		.byte	0
 1211 0157 1B       		.uleb128 0x1b
 1212 0158 21       		.uleb128 0x21
 1213 0159 00       		.byte	0
 1214 015a 49       		.uleb128 0x49
 1215 015b 13       		.uleb128 0x13
 1216 015c 2F       		.uleb128 0x2f
 1217 015d 0B       		.uleb128 0xb
 1218 015e 00       		.byte	0
 1219 015f 00       		.byte	0
 1220 0160 1C       		.uleb128 0x1c
 1221 0161 34       		.uleb128 0x34
 1222 0162 00       		.byte	0
 1223 0163 03       		.uleb128 0x3
 1224 0164 08       		.uleb128 0x8
 1225 0165 3A       		.uleb128 0x3a
 1226 0166 0B       		.uleb128 0xb
 1227 0167 3B       		.uleb128 0x3b
 1228 0168 05       		.uleb128 0x5
 1229 0169 49       		.uleb128 0x49
 1230 016a 13       		.uleb128 0x13
 1231 016b 02       		.uleb128 0x2
 1232 016c 17       		.uleb128 0x17
 1233 016d 00       		.byte	0
 1234 016e 00       		.byte	0
 1235 016f 1D       		.uleb128 0x1d
 1236 0170 898201   		.uleb128 0x4109
 1237 0173 00       		.byte	0
 1238 0174 11       		.uleb128 0x11
 1239 0175 01       		.uleb128 0x1
 1240 0176 31       		.uleb128 0x31
 1241 0177 13       		.uleb128 0x13
 1242 0178 00       		.byte	0
 1243 0179 00       		.byte	0
 1244 017a 1E       		.uleb128 0x1e
 1245 017b 2E       		.uleb128 0x2e
 1246 017c 00       		.byte	0
 1247 017d 3F       		.uleb128 0x3f
 1248 017e 19       		.uleb128 0x19
 1249 017f 3C       		.uleb128 0x3c
 1250 0180 19       		.uleb128 0x19
 1251 0181 6E       		.uleb128 0x6e
 1252 0182 0E       		.uleb128 0xe
 1253 0183 03       		.uleb128 0x3
 1254 0184 0E       		.uleb128 0xe
 1255 0185 00       		.byte	0
 1256 0186 00       		.byte	0
 1257 0187 1F       		.uleb128 0x1f
 1258 0188 2E       		.uleb128 0x2e
 1259 0189 00       		.byte	0
 1260 018a 3F       		.uleb128 0x3f
 1261 018b 19       		.uleb128 0x19
 1262 018c 3C       		.uleb128 0x3c
ARM GAS  C:\Users\pspen\AppData\Local\Temp\ccmEpFSd.s 			page 30


 1263 018d 19       		.uleb128 0x19
 1264 018e 6E       		.uleb128 0x6e
 1265 018f 0E       		.uleb128 0xe
 1266 0190 03       		.uleb128 0x3
 1267 0191 0E       		.uleb128 0xe
 1268 0192 3A       		.uleb128 0x3a
 1269 0193 0B       		.uleb128 0xb
 1270 0194 3B       		.uleb128 0x3b
 1271 0195 0B       		.uleb128 0xb
 1272 0196 00       		.byte	0
 1273 0197 00       		.byte	0
 1274 0198 00       		.byte	0
 1275              		.section	.debug_loc,"",%progbits
 1276              	.Ldebug_loc0:
 1277              	.LLST0:
 1278 0000 02000000 		.4byte	.LVL1
 1279 0004 08000000 		.4byte	.LVL2
 1280 0008 0200     		.2byte	0x2
 1281 000a 30       		.byte	0x30
 1282 000b 9F       		.byte	0x9f
 1283 000c 08000000 		.4byte	.LVL2
 1284 0010 30000000 		.4byte	.LVL11
 1285 0014 0100     		.2byte	0x1
 1286 0016 57       		.byte	0x57
 1287 0017 00000000 		.4byte	0
 1288 001b 00000000 		.4byte	0
 1289              	.LLST1:
 1290 001f 02000000 		.4byte	.LVL1
 1291 0023 08000000 		.4byte	.LVL2
 1292 0027 0200     		.2byte	0x2
 1293 0029 30       		.byte	0x30
 1294 002a 9F       		.byte	0x9f
 1295 002b 08000000 		.4byte	.LVL2
 1296 002f 30000000 		.4byte	.LVL10
 1297 0033 0100     		.2byte	0x1
 1298 0035 55       		.byte	0x55
 1299 0036 00000000 		.4byte	0
 1300 003a 00000000 		.4byte	0
 1301              	.LLST2:
 1302 003e 0C000000 		.4byte	.LVL3
 1303 0042 2C000000 		.4byte	.LVL9
 1304 0046 0100     		.2byte	0x1
 1305 0048 56       		.byte	0x56
 1306 0049 00000000 		.4byte	0
 1307 004d 00000000 		.4byte	0
 1308              	.LLST3:
 1309 0051 0E000000 		.4byte	.LVL4
 1310 0055 24000000 		.4byte	.LVL7
 1311 0059 0100     		.2byte	0x1
 1312 005b 53       		.byte	0x53
 1313 005c 26000000 		.4byte	.LVL8
 1314 0060 2C000000 		.4byte	.LVL9
 1315 0064 0100     		.2byte	0x1
 1316 0066 53       		.byte	0x53
 1317 0067 00000000 		.4byte	0
 1318 006b 00000000 		.4byte	0
 1319              	.LLST4:
ARM GAS  C:\Users\pspen\AppData\Local\Temp\ccmEpFSd.s 			page 31


 1320 006f 00000000 		.4byte	.LVL12
 1321 0073 09000000 		.4byte	.LVL14-1
 1322 0077 0100     		.2byte	0x1
 1323 0079 50       		.byte	0x50
 1324 007a 09000000 		.4byte	.LVL14-1
 1325 007e 0C000000 		.4byte	.LFE0
 1326 0082 0400     		.2byte	0x4
 1327 0084 F3       		.byte	0xf3
 1328 0085 01       		.uleb128 0x1
 1329 0086 50       		.byte	0x50
 1330 0087 9F       		.byte	0x9f
 1331 0088 00000000 		.4byte	0
 1332 008c 00000000 		.4byte	0
 1333              	.LLST5:
 1334 0090 00000000 		.4byte	.LVL12
 1335 0094 06000000 		.4byte	.LVL13
 1336 0098 0100     		.2byte	0x1
 1337 009a 51       		.byte	0x51
 1338 009b 06000000 		.4byte	.LVL13
 1339 009f 09000000 		.4byte	.LVL14-1
 1340 00a3 0100     		.2byte	0x1
 1341 00a5 52       		.byte	0x52
 1342 00a6 09000000 		.4byte	.LVL14-1
 1343 00aa 0C000000 		.4byte	.LFE0
 1344 00ae 0400     		.2byte	0x4
 1345 00b0 F3       		.byte	0xf3
 1346 00b1 01       		.uleb128 0x1
 1347 00b2 51       		.byte	0x51
 1348 00b3 9F       		.byte	0x9f
 1349 00b4 00000000 		.4byte	0
 1350 00b8 00000000 		.4byte	0
 1351              	.LLST6:
 1352 00bc 9A000000 		.4byte	.LVL18
 1353 00c0 9E000000 		.4byte	.LVL19
 1354 00c4 0200     		.2byte	0x2
 1355 00c6 30       		.byte	0x30
 1356 00c7 9F       		.byte	0x9f
 1357 00c8 9E000000 		.4byte	.LVL19
 1358 00cc BC000000 		.4byte	.LVL21
 1359 00d0 0100     		.2byte	0x1
 1360 00d2 54       		.byte	0x54
 1361 00d3 BE000000 		.4byte	.LVL22
 1362 00d7 00010000 		.4byte	.LVL24
 1363 00db 0100     		.2byte	0x1
 1364 00dd 54       		.byte	0x54
 1365 00de 00000000 		.4byte	0
 1366 00e2 00000000 		.4byte	0
 1367              	.LLST7:
 1368 00e6 9E000000 		.4byte	.LVL19
 1369 00ea BC000000 		.4byte	.LVL21
 1370 00ee 0B00     		.2byte	0xb
 1371 00f0 74       		.byte	0x74
 1372 00f1 00       		.sleb128 0
 1373 00f2 36       		.byte	0x36
 1374 00f3 1E       		.byte	0x1e
 1375 00f4 03       		.byte	0x3
 1376 00f5 00000000 		.4byte	cfg_memset_list.4870
ARM GAS  C:\Users\pspen\AppData\Local\Temp\ccmEpFSd.s 			page 32


 1377 00f9 22       		.byte	0x22
 1378 00fa 9F       		.byte	0x9f
 1379 00fb BC000000 		.4byte	.LVL21
 1380 00ff BE000000 		.4byte	.LVL22
 1381 0103 0B00     		.2byte	0xb
 1382 0105 74       		.byte	0x74
 1383 0106 7F       		.sleb128 -1
 1384 0107 36       		.byte	0x36
 1385 0108 1E       		.byte	0x1e
 1386 0109 03       		.byte	0x3
 1387 010a 00000000 		.4byte	cfg_memset_list.4870
 1388 010e 22       		.byte	0x22
 1389 010f 9F       		.byte	0x9f
 1390 0110 00000000 		.4byte	0
 1391 0114 00000000 		.4byte	0
 1392              		.section	.debug_aranges,"",%progbits
 1393 0000 34000000 		.4byte	0x34
 1394 0004 0200     		.2byte	0x2
 1395 0006 00000000 		.4byte	.Ldebug_info0
 1396 000a 04       		.byte	0x4
 1397 000b 00       		.byte	0
 1398 000c 0000     		.2byte	0
 1399 000e 0000     		.2byte	0
 1400 0010 00000000 		.4byte	.LFB3
 1401 0014 32000000 		.4byte	.LFE3-.LFB3
 1402 0018 00000000 		.4byte	.LFB0
 1403 001c 0C000000 		.4byte	.LFE0-.LFB0
 1404 0020 00000000 		.4byte	.LFB4
 1405 0024 90000000 		.4byte	.LFE4-.LFB4
 1406 0028 90000000 		.4byte	.LFB6
 1407 002c F8000000 		.4byte	.LFE6-.LFB6
 1408 0030 00000000 		.4byte	0
 1409 0034 00000000 		.4byte	0
 1410              		.section	.debug_ranges,"",%progbits
 1411              	.Ldebug_ranges0:
 1412 0000 00000000 		.4byte	.LFB3
 1413 0004 32000000 		.4byte	.LFE3
 1414 0008 00000000 		.4byte	.LFB0
 1415 000c 0C000000 		.4byte	.LFE0
 1416 0010 00000000 		.4byte	.LFB4
 1417 0014 90000000 		.4byte	.LFE4
 1418 0018 90000000 		.4byte	.LFB6
 1419 001c 88010000 		.4byte	.LFE6
 1420 0020 00000000 		.4byte	0
 1421 0024 00000000 		.4byte	0
 1422              		.section	.debug_line,"",%progbits
 1423              	.Ldebug_line0:
 1424 0000 63010000 		.section	.debug_str,"MS",%progbits,1
 1424      0200D600 
 1424      00000201 
 1424      FB0E0D00 
 1424      01010101 
 1425              	.LASF19:
 1426 0000 72656733 		.ascii	"reg32\000"
 1426      3200
 1427              	.LASF12:
 1428 0006 73697A65 		.ascii	"size_t\000"
ARM GAS  C:\Users\pspen\AppData\Local\Temp\ccmEpFSd.s 			page 33


 1428      5F7400
 1429              	.LASF37:
 1430 000d 4379496E 		.ascii	"CyIntSetVector\000"
 1430      74536574 
 1430      56656374 
 1430      6F7200
 1431              	.LASF21:
 1432 001c 76616C75 		.ascii	"value\000"
 1432      6500
 1433              	.LASF26:
 1434 0022 636F756E 		.ascii	"count\000"
 1434      7400
 1435              	.LASF29:
 1436 0028 436C6F63 		.ascii	"ClockSetup\000"
 1436      6B536574 
 1436      757000
 1437              	.LASF30:
 1438 0033 63795F63 		.ascii	"cy_cfg_addr_table\000"
 1438      66675F61 
 1438      6464725F 
 1438      7461626C 
 1438      6500
 1439              	.LASF31:
 1440 0045 63795F63 		.ascii	"cy_cfg_data_table\000"
 1440      66675F64 
 1440      6174615F 
 1440      7461626C 
 1440      6500
 1441              	.LASF41:
 1442 0057 433A5C55 		.ascii	"C:\\Users\\pspen\\Desktop\\Final Project EECE\\eece"
 1442      73657273 
 1442      5C707370 
 1442      656E5C44 
 1442      65736B74 
 1443 0085 33303135 		.ascii	"3015-heart-rate-monitor\\FinalDesignProject\\FinalD"
 1443      2D686561 
 1443      72742D72 
 1443      6174652D 
 1443      6D6F6E69 
 1444 00b6 65736967 		.ascii	"esignProject.cydsn\000"
 1444      6E50726F 
 1444      6A656374 
 1444      2E637964 
 1444      736E00
 1445              	.LASF16:
 1446 00c9 666C6F61 		.ascii	"float\000"
 1446      7400
 1447              	.LASF35:
 1448 00cf 6366675F 		.ascii	"cfg_memset_list\000"
 1448      6D656D73 
 1448      65745F6C 
 1448      69737400 
 1449              	.LASF33:
 1450 00df 73697A65 		.ascii	"size\000"
 1450      00
 1451              	.LASF18:
 1452 00e4 72656738 		.ascii	"reg8\000"
ARM GAS  C:\Users\pspen\AppData\Local\Temp\ccmEpFSd.s 			page 34


 1452      00
 1453              	.LASF8:
 1454 00e9 6C6F6E67 		.ascii	"long unsigned int\000"
 1454      20756E73 
 1454      69676E65 
 1454      6420696E 
 1454      7400
 1455              	.LASF13:
 1456 00fb 75696E74 		.ascii	"uint8\000"
 1456      3800
 1457              	.LASF28:
 1458 0101 43594D45 		.ascii	"CYMEMZERO\000"
 1458      4D5A4552 
 1458      4F00
 1459              	.LASF4:
 1460 010b 756E7369 		.ascii	"unsigned char\000"
 1460      676E6564 
 1460      20636861 
 1460      7200
 1461              	.LASF43:
 1462 0119 6D656D73 		.ascii	"memset\000"
 1462      657400
 1463              	.LASF17:
 1464 0120 646F7562 		.ascii	"double\000"
 1464      6C6500
 1465              	.LASF27:
 1466 0127 6366675F 		.ascii	"cfg_write_bytes32\000"
 1466      77726974 
 1466      655F6279 
 1466      74657333 
 1466      3200
 1467              	.LASF38:
 1468 0139 4379496E 		.ascii	"CyIntEnable\000"
 1468      74456E61 
 1468      626C6500 
 1469              	.LASF23:
 1470 0145 61646472 		.ascii	"addr_table\000"
 1470      5F746162 
 1470      6C6500
 1471              	.LASF14:
 1472 0150 75696E74 		.ascii	"uint16\000"
 1472      313600
 1473              	.LASF24:
 1474 0157 64617461 		.ascii	"data_table\000"
 1474      5F746162 
 1474      6C6500
 1475              	.LASF15:
 1476 0162 75696E74 		.ascii	"uint32\000"
 1476      333200
 1477              	.LASF0:
 1478 0169 756E7369 		.ascii	"unsigned int\000"
 1478      676E6564 
 1478      20696E74 
 1478      00
 1479              	.LASF42:
 1480 0176 63796669 		.ascii	"cyfitter_cfg\000"
 1480      74746572 
ARM GAS  C:\Users\pspen\AppData\Local\Temp\ccmEpFSd.s 			page 35


 1480      5F636667 
 1480      00
 1481              	.LASF32:
 1482 0183 61646472 		.ascii	"address\000"
 1482      65737300 
 1483              	.LASF9:
 1484 018b 6C6F6E67 		.ascii	"long long unsigned int\000"
 1484      206C6F6E 
 1484      6720756E 
 1484      7369676E 
 1484      65642069 
 1485              	.LASF39:
 1486 01a2 474E5520 		.ascii	"GNU C11 5.4.1 20160609 (release) [ARM/embedded-5-br"
 1486      43313120 
 1486      352E342E 
 1486      31203230 
 1486      31363036 
 1487 01d5 616E6368 		.ascii	"anch revision 237715] -mcpu=cortex-m0 -mthumb -g -O"
 1487      20726576 
 1487      6973696F 
 1487      6E203233 
 1487      37373135 
 1488 0208 67202D66 		.ascii	"g -ffunction-sections -ffat-lto-objects\000"
 1488      66756E63 
 1488      74696F6E 
 1488      2D736563 
 1488      74696F6E 
 1489              	.LASF34:
 1490 0230 6366675F 		.ascii	"cfg_memset_t\000"
 1490      6D656D73 
 1490      65745F74 
 1490      00
 1491              	.LASF25:
 1492 023d 62617365 		.ascii	"baseAddr\000"
 1492      41646472 
 1492      00
 1493              	.LASF10:
 1494 0246 73697A65 		.ascii	"sizetype\000"
 1494      74797065 
 1494      00
 1495              	.LASF6:
 1496 024f 73686F72 		.ascii	"short unsigned int\000"
 1496      7420756E 
 1496      7369676E 
 1496      65642069 
 1496      6E7400
 1497              	.LASF1:
 1498 0262 6C6F6E67 		.ascii	"long long int\000"
 1498      206C6F6E 
 1498      6720696E 
 1498      7400
 1499              	.LASF11:
 1500 0270 63686172 		.ascii	"char\000"
 1500      00
 1501              	.LASF22:
 1502 0275 63795F63 		.ascii	"cy_cfg_addrvalue_t\000"
 1502      66675F61 
ARM GAS  C:\Users\pspen\AppData\Local\Temp\ccmEpFSd.s 			page 36


 1502      64647276 
 1502      616C7565 
 1502      5F7400
 1503              	.LASF20:
 1504 0288 6F666673 		.ascii	"offset\000"
 1504      657400
 1505              	.LASF5:
 1506 028f 73686F72 		.ascii	"short int\000"
 1506      7420696E 
 1506      7400
 1507              	.LASF36:
 1508 0299 43795379 		.ascii	"CySysClkWriteImoFreq\000"
 1508      73436C6B 
 1508      57726974 
 1508      65496D6F 
 1508      46726571 
 1509              	.LASF7:
 1510 02ae 6C6F6E67 		.ascii	"long int\000"
 1510      20696E74 
 1510      00
 1511              	.LASF2:
 1512 02b7 6C6F6E67 		.ascii	"long double\000"
 1512      20646F75 
 1512      626C6500 
 1513              	.LASF3:
 1514 02c3 7369676E 		.ascii	"signed char\000"
 1514      65642063 
 1514      68617200 
 1515              	.LASF40:
 1516 02cf 47656E65 		.ascii	"Generated_Source\\PSoC4\\cyfitter_cfg.c\000"
 1516      72617465 
 1516      645F536F 
 1516      75726365 
 1516      5C50536F 
 1517              		.ident	"GCC: (GNU Tools for ARM Embedded Processors) 5.4.1 20160609 (release) [ARM/embedded-5-bran
