ARM GAS  C:\Users\joshw\AppData\Local\Temp\cc0lt0b9.s 			page 1


   1              		.syntax unified
   2              		.cpu cortex-m0
   3              		.fpu softvfp
   4              		.eabi_attribute 20, 1
   5              		.eabi_attribute 21, 1
   6              		.eabi_attribute 23, 3
   7              		.eabi_attribute 24, 1
   8              		.eabi_attribute 25, 1
   9              		.eabi_attribute 26, 1
  10              		.eabi_attribute 30, 1
  11              		.eabi_attribute 34, 0
  12              		.eabi_attribute 18, 4
  13              		.thumb
  14              		.syntax unified
  15              		.file	"main.c"
  16              		.text
  17              	.Ltext0:
  18              		.cfi_sections	.debug_frame
  19              		.section	.text.main,"ax",%progbits
  20              		.align	2
  21              		.global	main
  22              		.code	16
  23              		.thumb_func
  24              		.type	main, %function
  25              	main:
  26              	.LFB33:
  27              		.file 1 "main.c"
   1:main.c        **** /*===================================    
   2:main.c        **** Final Design Project: Heart Rate Monitor  
   3:main.c        **** Paige Spencer & Josh Wild    
   4:main.c        **** October 30 2025    
   5:main.c        **** Weeks 1-4:
   6:main.c        **** Write code to successfully measure, filter, and display heart rate.
   7:main.c        **** - Read IR sensor data from MAX30102
   8:main.c        **** - Filter noise (moving average)
   9:main.c        **** - Detect peaks to calculate BPM
  10:main.c        **** - Display BPM on OLED
  11:main.c        **** - Indicate heart rate range with messages:
  12:main.c        ****     * Normal Resting (60–100 BPM)
  13:main.c        ****     * Moderate-Intensity Exercise (100–140 BPM)
  14:main.c        ****     * High Intensity Exercise (>140 BPM)
  15:main.c        **** ========================================*/   
  16:main.c        **** 
  17:main.c        **** 
  18:main.c        **** #include "project.h"
  19:main.c        **** #include "stdbool.h"
  20:main.c        **** #include "stdio.h"
  21:main.c        **** #include "ssd1306_driver.h"
  22:main.c        **** 
  23:main.c        **** #define BLINK_DELAY 500
  24:main.c        **** 
  25:main.c        **** //volatile bool btn_pressed = false;
  26:main.c        **** //volatile bool device_on = true;
  27:main.c        **** char8 stringBuffer[100];
  28:main.c        **** 
  29:main.c        **** //CY_ISR_PROTO(Button_ISR_Handler);
  30:main.c        **** //CY_ISR(Button_ISR_Handler){
ARM GAS  C:\Users\joshw\AppData\Local\Temp\cc0lt0b9.s 			page 2


  31:main.c        **** //    if (!btn_pressed) {
  32:main.c        **** //        btn_pressed = true;
  33:main.c        **** //    }
  34:main.c        **** //    PWR_BTN_ClearInterrupt();
  35:main.c        **** // }
  36:main.c        **** 
  37:main.c        **** // static void handle_power_toggle(void){
  38:main.c        **** //    if(device_on){
  39:main.c        ****         //SSD1306_Clear();
  40:main.c        ****         //SSD1306_Update();
  41:main.c        **** //        I2C_Stop();
  42:main.c        ****         
  43:main.c        **** //        device_on = false;
  44:main.c        ****         
  45:main.c        **** //        CyDelay(5);
  46:main.c        ****         
  47:main.c        **** //        CySysPmDeepSleep();
  48:main.c        **** //    } else {
  49:main.c        **** //        I2C_Start();
  50:main.c        ****         
  51:main.c        ****         //OLED_RST_Write(0);
  52:main.c        ****         //CyDelay(10);
  53:main.c        ****         //OLED_RST_Write(1);
  54:main.c        ****         //CyDelay(10);
  55:main.c        ****         
  56:main.c        ****         //SSD1306_Init();
  57:main.c        ****         //SSD1306_Clear();
  58:main.c        ****         //SSD1306_Update();
  59:main.c        ****         
  60:main.c        **** //        device_on = true;
  61:main.c        **** //    }
  62:main.c        **** //}
  63:main.c        **** 
  64:main.c        **** int main(void)
  65:main.c        **** {
  28              		.loc 1 65 0
  29              		.cfi_startproc
  30              		@ Volatile: function does not return.
  31              		@ args = 0, pretend = 0, frame = 0
  32              		@ frame_needed = 0, uses_anonymous_args = 0
  33 0000 10B5     		push	{r4, lr}
  34              		.cfi_def_cfa_offset 8
  35              		.cfi_offset 4, -8
  36              		.cfi_offset 14, -4
  66:main.c        ****     CyGlobalIntEnable;
  37              		.loc 1 66 0
  38              		.syntax divided
  39              	@ 66 "main.c" 1
  40 0002 62B6     		CPSIE   i
  41              	@ 0 "" 2
  67:main.c        ****  
  68:main.c        ****     I2C_Start();
  42              		.loc 1 68 0
  43              		.thumb
  44              		.syntax unified
  45 0004 FFF7FEFF 		bl	I2C_Start
  46              	.LVL0:
ARM GAS  C:\Users\joshw\AppData\Local\Temp\cc0lt0b9.s 			page 3


  69:main.c        ****     UART_Start();
  47              		.loc 1 69 0
  48 0008 FFF7FEFF 		bl	UART_Start
  49              	.LVL1:
  70:main.c        ****     
  71:main.c        ****     UART_UartPutString("\n\rStarting Code\n\r");
  50              		.loc 1 71 0
  51 000c 1448     		ldr	r0, .L5
  52 000e FFF7FEFF 		bl	UART_UartPutString
  53              	.LVL2:
  72:main.c        ****     
  73:main.c        ****     if (!init()) {
  54              		.loc 1 73 0
  55 0012 FFF7FEFF 		bl	init
  56              	.LVL3:
  57 0016 0028     		cmp	r0, #0
  58 0018 0FD1     		bne	.L2
  74:main.c        ****         UART_UartPutString("init failed!\n\r");
  59              		.loc 1 74 0
  60 001a 1248     		ldr	r0, .L5+4
  61 001c FFF7FEFF 		bl	UART_UartPutString
  62              	.LVL4:
  63              	.L3:
  75:main.c        ****         for(;;) {
  76:main.c        ****             LED_PWM_Start();
  64              		.loc 1 76 0 discriminator 1
  65 0020 FFF7FEFF 		bl	LED_PWM_Start
  66              	.LVL5:
  77:main.c        ****             CyDelay(1000);
  67              		.loc 1 77 0 discriminator 1
  68 0024 FA24     		movs	r4, #250
  69 0026 A400     		lsls	r4, r4, #2
  70 0028 2000     		movs	r0, r4
  71 002a FFF7FEFF 		bl	CyDelay
  72              	.LVL6:
  78:main.c        ****             LED_PWM_Stop();
  73              		.loc 1 78 0 discriminator 1
  74 002e FFF7FEFF 		bl	LED_PWM_Stop
  75              	.LVL7:
  79:main.c        ****             CyDelay(1000);
  76              		.loc 1 79 0 discriminator 1
  77 0032 2000     		movs	r0, r4
  78 0034 FFF7FEFF 		bl	CyDelay
  79              	.LVL8:
  80 0038 F2E7     		b	.L3
  81              	.L2:
  80:main.c        ****         }
  81:main.c        ****     }
  82:main.c        ****     
  83:main.c        ****     clearDisplay();
  82              		.loc 1 83 0
  83 003a FFF7FEFF 		bl	clearDisplay
  84              	.LVL9:
  84:main.c        ****     drawString(0, 0, "HELLO WORLD", SSD1306_WHITE);
  85              		.loc 1 84 0
  86 003e 0123     		movs	r3, #1
  87 0040 094A     		ldr	r2, .L5+8
ARM GAS  C:\Users\joshw\AppData\Local\Temp\cc0lt0b9.s 			page 4


  88 0042 0021     		movs	r1, #0
  89 0044 0020     		movs	r0, #0
  90 0046 FFF7FEFF 		bl	drawString
  91              	.LVL10:
  85:main.c        ****     drawString(0, 10, "12345", SSD1306_WHITE);
  92              		.loc 1 85 0
  93 004a 0123     		movs	r3, #1
  94 004c 074A     		ldr	r2, .L5+12
  95 004e 0A21     		movs	r1, #10
  96 0050 0020     		movs	r0, #0
  97 0052 FFF7FEFF 		bl	drawString
  98              	.LVL11:
  86:main.c        ****     
  87:main.c        ****     refreshDisplay();
  99              		.loc 1 87 0
 100 0056 FFF7FEFF 		bl	refreshDisplay
 101              	.LVL12:
 102              	.L4:
  88:main.c        ****     
  89:main.c        ****     for(;;) {
  90:main.c        ****         LED_PWM_Start();
 103              		.loc 1 90 0 discriminator 1
 104 005a FFF7FEFF 		bl	LED_PWM_Start
 105              	.LVL13:
 106 005e FCE7     		b	.L4
 107              	.L6:
 108              		.align	2
 109              	.L5:
 110 0060 00000000 		.word	.LC0
 111 0064 14000000 		.word	.LC2
 112 0068 24000000 		.word	.LC4
 113 006c 30000000 		.word	.LC6
 114              		.cfi_endproc
 115              	.LFE33:
 116              		.size	main, .-main
 117              		.comm	stringBuffer,100,4
 118              		.section	.rodata.str1.4,"aMS",%progbits,1
 119              		.align	2
 120              	.LC0:
 121 0000 0A0D5374 		.ascii	"\012\015Starting Code\012\015\000"
 121      61727469 
 121      6E672043 
 121      6F64650A 
 121      0D00
 122 0012 0000     		.space	2
 123              	.LC2:
 124 0014 696E6974 		.ascii	"init failed!\012\015\000"
 124      20666169 
 124      6C656421 
 124      0A0D00
 125 0023 00       		.space	1
 126              	.LC4:
 127 0024 48454C4C 		.ascii	"HELLO WORLD\000"
 127      4F20574F 
 127      524C4400 
 128              	.LC6:
 129 0030 31323334 		.ascii	"12345\000"
ARM GAS  C:\Users\joshw\AppData\Local\Temp\cc0lt0b9.s 			page 5


 129      3500
 130              		.text
 131              	.Letext0:
 132              		.file 2 "Generated_Source\\PSoC4/I2C.h"
 133              		.file 3 "Generated_Source\\PSoC4/UART.h"
 134              		.file 4 "Generated_Source\\PSoC4/UART_SPI_UART.h"
 135              		.file 5 "ssd1306_driver.h"
 136              		.file 6 "Generated_Source\\PSoC4/LED_PWM.h"
 137              		.file 7 "Generated_Source\\PSoC4/CyLib.h"
 138              		.file 8 "Generated_Source\\PSoC4/cytypes.h"
 139              		.section	.debug_info,"",%progbits
 140              	.Ldebug_info0:
 141 0000 2D020000 		.4byte	0x22d
 142 0004 0400     		.2byte	0x4
 143 0006 00000000 		.4byte	.Ldebug_abbrev0
 144 000a 04       		.byte	0x4
 145 000b 01       		.uleb128 0x1
 146 000c 41010000 		.4byte	.LASF24
 147 0010 0C       		.byte	0xc
 148 0011 E6010000 		.4byte	.LASF25
 149 0015 00000000 		.4byte	.LASF26
 150 0019 00000000 		.4byte	.Ldebug_ranges0+0
 151 001d 00000000 		.4byte	0
 152 0021 00000000 		.4byte	.Ldebug_line0
 153 0025 02       		.uleb128 0x2
 154 0026 01       		.byte	0x1
 155 0027 06       		.byte	0x6
 156 0028 1C020000 		.4byte	.LASF0
 157 002c 02       		.uleb128 0x2
 158 002d 01       		.byte	0x1
 159 002e 08       		.byte	0x8
 160 002f AC000000 		.4byte	.LASF1
 161 0033 02       		.uleb128 0x2
 162 0034 02       		.byte	0x2
 163 0035 05       		.byte	0x5
 164 0036 F2010000 		.4byte	.LASF2
 165 003a 02       		.uleb128 0x2
 166 003b 02       		.byte	0x2
 167 003c 07       		.byte	0x7
 168 003d CD000000 		.4byte	.LASF3
 169 0041 02       		.uleb128 0x2
 170 0042 04       		.byte	0x4
 171 0043 05       		.byte	0x5
 172 0044 07020000 		.4byte	.LASF4
 173 0048 02       		.uleb128 0x2
 174 0049 04       		.byte	0x4
 175 004a 07       		.byte	0x7
 176 004b 06010000 		.4byte	.LASF5
 177 004f 02       		.uleb128 0x2
 178 0050 08       		.byte	0x8
 179 0051 05       		.byte	0x5
 180 0052 D8010000 		.4byte	.LASF6
 181 0056 02       		.uleb128 0x2
 182 0057 08       		.byte	0x8
 183 0058 07       		.byte	0x7
 184 0059 2A010000 		.4byte	.LASF7
 185 005d 03       		.uleb128 0x3
ARM GAS  C:\Users\joshw\AppData\Local\Temp\cc0lt0b9.s 			page 6


 186 005e 04       		.byte	0x4
 187 005f 05       		.byte	0x5
 188 0060 696E7400 		.ascii	"int\000"
 189 0064 02       		.uleb128 0x2
 190 0065 04       		.byte	0x4
 191 0066 07       		.byte	0x7
 192 0067 1D010000 		.4byte	.LASF8
 193 006b 02       		.uleb128 0x2
 194 006c 04       		.byte	0x4
 195 006d 04       		.byte	0x4
 196 006e A6000000 		.4byte	.LASF9
 197 0072 02       		.uleb128 0x2
 198 0073 08       		.byte	0x8
 199 0074 04       		.byte	0x4
 200 0075 28020000 		.4byte	.LASF10
 201 0079 04       		.uleb128 0x4
 202 007a BA000000 		.4byte	.LASF27
 203 007e 08       		.byte	0x8
 204 007f 0D02     		.2byte	0x20d
 205 0081 85000000 		.4byte	0x85
 206 0085 02       		.uleb128 0x2
 207 0086 01       		.byte	0x1
 208 0087 08       		.byte	0x8
 209 0088 ED010000 		.4byte	.LASF11
 210 008c 02       		.uleb128 0x2
 211 008d 08       		.byte	0x8
 212 008e 04       		.byte	0x4
 213 008f 10020000 		.4byte	.LASF12
 214 0093 02       		.uleb128 0x2
 215 0094 04       		.byte	0x4
 216 0095 07       		.byte	0x7
 217 0096 CF010000 		.4byte	.LASF13
 218 009a 05       		.uleb128 0x5
 219 009b 18010000 		.4byte	.LASF28
 220 009f 01       		.byte	0x1
 221 00a0 40       		.byte	0x40
 222 00a1 5D000000 		.4byte	0x5d
 223 00a5 00000000 		.4byte	.LFB33
 224 00a9 70000000 		.4byte	.LFE33-.LFB33
 225 00ad 01       		.uleb128 0x1
 226 00ae 9C       		.byte	0x9c
 227 00af 9E010000 		.4byte	0x19e
 228 00b3 06       		.uleb128 0x6
 229 00b4 08000000 		.4byte	.LVL0
 230 00b8 BF010000 		.4byte	0x1bf
 231 00bc 06       		.uleb128 0x6
 232 00bd 0C000000 		.4byte	.LVL1
 233 00c1 CA010000 		.4byte	0x1ca
 234 00c5 07       		.uleb128 0x7
 235 00c6 12000000 		.4byte	.LVL2
 236 00ca D5010000 		.4byte	0x1d5
 237 00ce DC000000 		.4byte	0xdc
 238 00d2 08       		.uleb128 0x8
 239 00d3 01       		.uleb128 0x1
 240 00d4 50       		.byte	0x50
 241 00d5 05       		.uleb128 0x5
 242 00d6 03       		.byte	0x3
ARM GAS  C:\Users\joshw\AppData\Local\Temp\cc0lt0b9.s 			page 7


 243 00d7 00000000 		.4byte	.LC0
 244 00db 00       		.byte	0
 245 00dc 06       		.uleb128 0x6
 246 00dd 16000000 		.4byte	.LVL3
 247 00e1 E1010000 		.4byte	0x1e1
 248 00e5 07       		.uleb128 0x7
 249 00e6 20000000 		.4byte	.LVL4
 250 00ea D5010000 		.4byte	0x1d5
 251 00ee FC000000 		.4byte	0xfc
 252 00f2 08       		.uleb128 0x8
 253 00f3 01       		.uleb128 0x1
 254 00f4 50       		.byte	0x50
 255 00f5 05       		.uleb128 0x5
 256 00f6 03       		.byte	0x3
 257 00f7 14000000 		.4byte	.LC2
 258 00fb 00       		.byte	0
 259 00fc 06       		.uleb128 0x6
 260 00fd 24000000 		.4byte	.LVL5
 261 0101 EC010000 		.4byte	0x1ec
 262 0105 07       		.uleb128 0x7
 263 0106 2E000000 		.4byte	.LVL6
 264 010a F8010000 		.4byte	0x1f8
 265 010e 19010000 		.4byte	0x119
 266 0112 08       		.uleb128 0x8
 267 0113 01       		.uleb128 0x1
 268 0114 50       		.byte	0x50
 269 0115 02       		.uleb128 0x2
 270 0116 74       		.byte	0x74
 271 0117 00       		.sleb128 0
 272 0118 00       		.byte	0
 273 0119 06       		.uleb128 0x6
 274 011a 32000000 		.4byte	.LVL7
 275 011e 03020000 		.4byte	0x203
 276 0122 07       		.uleb128 0x7
 277 0123 38000000 		.4byte	.LVL8
 278 0127 F8010000 		.4byte	0x1f8
 279 012b 36010000 		.4byte	0x136
 280 012f 08       		.uleb128 0x8
 281 0130 01       		.uleb128 0x1
 282 0131 50       		.byte	0x50
 283 0132 02       		.uleb128 0x2
 284 0133 74       		.byte	0x74
 285 0134 00       		.sleb128 0
 286 0135 00       		.byte	0
 287 0136 06       		.uleb128 0x6
 288 0137 3E000000 		.4byte	.LVL9
 289 013b 0F020000 		.4byte	0x20f
 290 013f 07       		.uleb128 0x7
 291 0140 4A000000 		.4byte	.LVL10
 292 0144 1A020000 		.4byte	0x21a
 293 0148 65010000 		.4byte	0x165
 294 014c 08       		.uleb128 0x8
 295 014d 01       		.uleb128 0x1
 296 014e 50       		.byte	0x50
 297 014f 01       		.uleb128 0x1
 298 0150 30       		.byte	0x30
 299 0151 08       		.uleb128 0x8
ARM GAS  C:\Users\joshw\AppData\Local\Temp\cc0lt0b9.s 			page 8


 300 0152 01       		.uleb128 0x1
 301 0153 51       		.byte	0x51
 302 0154 01       		.uleb128 0x1
 303 0155 30       		.byte	0x30
 304 0156 08       		.uleb128 0x8
 305 0157 01       		.uleb128 0x1
 306 0158 52       		.byte	0x52
 307 0159 05       		.uleb128 0x5
 308 015a 03       		.byte	0x3
 309 015b 24000000 		.4byte	.LC4
 310 015f 08       		.uleb128 0x8
 311 0160 01       		.uleb128 0x1
 312 0161 53       		.byte	0x53
 313 0162 01       		.uleb128 0x1
 314 0163 31       		.byte	0x31
 315 0164 00       		.byte	0
 316 0165 07       		.uleb128 0x7
 317 0166 56000000 		.4byte	.LVL11
 318 016a 1A020000 		.4byte	0x21a
 319 016e 8B010000 		.4byte	0x18b
 320 0172 08       		.uleb128 0x8
 321 0173 01       		.uleb128 0x1
 322 0174 50       		.byte	0x50
 323 0175 01       		.uleb128 0x1
 324 0176 30       		.byte	0x30
 325 0177 08       		.uleb128 0x8
 326 0178 01       		.uleb128 0x1
 327 0179 51       		.byte	0x51
 328 017a 01       		.uleb128 0x1
 329 017b 3A       		.byte	0x3a
 330 017c 08       		.uleb128 0x8
 331 017d 01       		.uleb128 0x1
 332 017e 52       		.byte	0x52
 333 017f 05       		.uleb128 0x5
 334 0180 03       		.byte	0x3
 335 0181 30000000 		.4byte	.LC6
 336 0185 08       		.uleb128 0x8
 337 0186 01       		.uleb128 0x1
 338 0187 53       		.byte	0x53
 339 0188 01       		.uleb128 0x1
 340 0189 31       		.byte	0x31
 341 018a 00       		.byte	0
 342 018b 06       		.uleb128 0x6
 343 018c 5A000000 		.4byte	.LVL12
 344 0190 25020000 		.4byte	0x225
 345 0194 06       		.uleb128 0x6
 346 0195 5E000000 		.4byte	.LVL13
 347 0199 EC010000 		.4byte	0x1ec
 348 019d 00       		.byte	0
 349 019e 09       		.uleb128 0x9
 350 019f 79000000 		.4byte	0x79
 351 01a3 AE010000 		.4byte	0x1ae
 352 01a7 0A       		.uleb128 0xa
 353 01a8 93000000 		.4byte	0x93
 354 01ac 63       		.byte	0x63
 355 01ad 00       		.byte	0
 356 01ae 0B       		.uleb128 0xb
ARM GAS  C:\Users\joshw\AppData\Local\Temp\cc0lt0b9.s 			page 9


 357 01af 86000000 		.4byte	.LASF29
 358 01b3 01       		.byte	0x1
 359 01b4 1B       		.byte	0x1b
 360 01b5 9E010000 		.4byte	0x19e
 361 01b9 05       		.uleb128 0x5
 362 01ba 03       		.byte	0x3
 363 01bb 00000000 		.4byte	stringBuffer
 364 01bf 0C       		.uleb128 0xc
 365 01c0 7C000000 		.4byte	.LASF14
 366 01c4 7C000000 		.4byte	.LASF14
 367 01c8 02       		.byte	0x2
 368 01c9 72       		.byte	0x72
 369 01ca 0C       		.uleb128 0xc
 370 01cb E0000000 		.4byte	.LASF15
 371 01cf E0000000 		.4byte	.LASF15
 372 01d3 03       		.byte	0x3
 373 01d4 72       		.byte	0x72
 374 01d5 0D       		.uleb128 0xd
 375 01d6 93000000 		.4byte	.LASF16
 376 01da 93000000 		.4byte	.LASF16
 377 01de 04       		.byte	0x4
 378 01df 2A03     		.2byte	0x32a
 379 01e1 0C       		.uleb128 0xc
 380 01e2 77000000 		.4byte	.LASF17
 381 01e6 77000000 		.4byte	.LASF17
 382 01ea 05       		.byte	0x5
 383 01eb 5F       		.byte	0x5f
 384 01ec 0D       		.uleb128 0xd
 385 01ed F8000000 		.4byte	.LASF18
 386 01f1 F8000000 		.4byte	.LASF18
 387 01f5 06       		.byte	0x6
 388 01f6 3201     		.2byte	0x132
 389 01f8 0C       		.uleb128 0xc
 390 01f9 2F020000 		.4byte	.LASF19
 391 01fd 2F020000 		.4byte	.LASF19
 392 0201 07       		.byte	0x7
 393 0202 EC       		.byte	0xec
 394 0203 0D       		.uleb128 0xd
 395 0204 C0000000 		.4byte	.LASF20
 396 0208 C0000000 		.4byte	.LASF20
 397 020c 06       		.byte	0x6
 398 020d 3301     		.2byte	0x133
 399 020f 0C       		.uleb128 0xc
 400 0210 EB000000 		.4byte	.LASF21
 401 0214 EB000000 		.4byte	.LASF21
 402 0218 05       		.byte	0x5
 403 0219 5D       		.byte	0x5d
 404 021a 0C       		.uleb128 0xc
 405 021b FC010000 		.4byte	.LASF22
 406 021f FC010000 		.4byte	.LASF22
 407 0223 05       		.byte	0x5
 408 0224 67       		.byte	0x67
 409 0225 0C       		.uleb128 0xc
 410 0226 68000000 		.4byte	.LASF23
 411 022a 68000000 		.4byte	.LASF23
 412 022e 05       		.byte	0x5
 413 022f 65       		.byte	0x65
ARM GAS  C:\Users\joshw\AppData\Local\Temp\cc0lt0b9.s 			page 10


 414 0230 00       		.byte	0
 415              		.section	.debug_abbrev,"",%progbits
 416              	.Ldebug_abbrev0:
 417 0000 01       		.uleb128 0x1
 418 0001 11       		.uleb128 0x11
 419 0002 01       		.byte	0x1
 420 0003 25       		.uleb128 0x25
 421 0004 0E       		.uleb128 0xe
 422 0005 13       		.uleb128 0x13
 423 0006 0B       		.uleb128 0xb
 424 0007 03       		.uleb128 0x3
 425 0008 0E       		.uleb128 0xe
 426 0009 1B       		.uleb128 0x1b
 427 000a 0E       		.uleb128 0xe
 428 000b 55       		.uleb128 0x55
 429 000c 17       		.uleb128 0x17
 430 000d 11       		.uleb128 0x11
 431 000e 01       		.uleb128 0x1
 432 000f 10       		.uleb128 0x10
 433 0010 17       		.uleb128 0x17
 434 0011 00       		.byte	0
 435 0012 00       		.byte	0
 436 0013 02       		.uleb128 0x2
 437 0014 24       		.uleb128 0x24
 438 0015 00       		.byte	0
 439 0016 0B       		.uleb128 0xb
 440 0017 0B       		.uleb128 0xb
 441 0018 3E       		.uleb128 0x3e
 442 0019 0B       		.uleb128 0xb
 443 001a 03       		.uleb128 0x3
 444 001b 0E       		.uleb128 0xe
 445 001c 00       		.byte	0
 446 001d 00       		.byte	0
 447 001e 03       		.uleb128 0x3
 448 001f 24       		.uleb128 0x24
 449 0020 00       		.byte	0
 450 0021 0B       		.uleb128 0xb
 451 0022 0B       		.uleb128 0xb
 452 0023 3E       		.uleb128 0x3e
 453 0024 0B       		.uleb128 0xb
 454 0025 03       		.uleb128 0x3
 455 0026 08       		.uleb128 0x8
 456 0027 00       		.byte	0
 457 0028 00       		.byte	0
 458 0029 04       		.uleb128 0x4
 459 002a 16       		.uleb128 0x16
 460 002b 00       		.byte	0
 461 002c 03       		.uleb128 0x3
 462 002d 0E       		.uleb128 0xe
 463 002e 3A       		.uleb128 0x3a
 464 002f 0B       		.uleb128 0xb
 465 0030 3B       		.uleb128 0x3b
 466 0031 05       		.uleb128 0x5
 467 0032 49       		.uleb128 0x49
 468 0033 13       		.uleb128 0x13
 469 0034 00       		.byte	0
 470 0035 00       		.byte	0
ARM GAS  C:\Users\joshw\AppData\Local\Temp\cc0lt0b9.s 			page 11


 471 0036 05       		.uleb128 0x5
 472 0037 2E       		.uleb128 0x2e
 473 0038 01       		.byte	0x1
 474 0039 3F       		.uleb128 0x3f
 475 003a 19       		.uleb128 0x19
 476 003b 03       		.uleb128 0x3
 477 003c 0E       		.uleb128 0xe
 478 003d 3A       		.uleb128 0x3a
 479 003e 0B       		.uleb128 0xb
 480 003f 3B       		.uleb128 0x3b
 481 0040 0B       		.uleb128 0xb
 482 0041 27       		.uleb128 0x27
 483 0042 19       		.uleb128 0x19
 484 0043 49       		.uleb128 0x49
 485 0044 13       		.uleb128 0x13
 486 0045 8701     		.uleb128 0x87
 487 0047 19       		.uleb128 0x19
 488 0048 11       		.uleb128 0x11
 489 0049 01       		.uleb128 0x1
 490 004a 12       		.uleb128 0x12
 491 004b 06       		.uleb128 0x6
 492 004c 40       		.uleb128 0x40
 493 004d 18       		.uleb128 0x18
 494 004e 9742     		.uleb128 0x2117
 495 0050 19       		.uleb128 0x19
 496 0051 01       		.uleb128 0x1
 497 0052 13       		.uleb128 0x13
 498 0053 00       		.byte	0
 499 0054 00       		.byte	0
 500 0055 06       		.uleb128 0x6
 501 0056 898201   		.uleb128 0x4109
 502 0059 00       		.byte	0
 503 005a 11       		.uleb128 0x11
 504 005b 01       		.uleb128 0x1
 505 005c 31       		.uleb128 0x31
 506 005d 13       		.uleb128 0x13
 507 005e 00       		.byte	0
 508 005f 00       		.byte	0
 509 0060 07       		.uleb128 0x7
 510 0061 898201   		.uleb128 0x4109
 511 0064 01       		.byte	0x1
 512 0065 11       		.uleb128 0x11
 513 0066 01       		.uleb128 0x1
 514 0067 31       		.uleb128 0x31
 515 0068 13       		.uleb128 0x13
 516 0069 01       		.uleb128 0x1
 517 006a 13       		.uleb128 0x13
 518 006b 00       		.byte	0
 519 006c 00       		.byte	0
 520 006d 08       		.uleb128 0x8
 521 006e 8A8201   		.uleb128 0x410a
 522 0071 00       		.byte	0
 523 0072 02       		.uleb128 0x2
 524 0073 18       		.uleb128 0x18
 525 0074 9142     		.uleb128 0x2111
 526 0076 18       		.uleb128 0x18
 527 0077 00       		.byte	0
ARM GAS  C:\Users\joshw\AppData\Local\Temp\cc0lt0b9.s 			page 12


 528 0078 00       		.byte	0
 529 0079 09       		.uleb128 0x9
 530 007a 01       		.uleb128 0x1
 531 007b 01       		.byte	0x1
 532 007c 49       		.uleb128 0x49
 533 007d 13       		.uleb128 0x13
 534 007e 01       		.uleb128 0x1
 535 007f 13       		.uleb128 0x13
 536 0080 00       		.byte	0
 537 0081 00       		.byte	0
 538 0082 0A       		.uleb128 0xa
 539 0083 21       		.uleb128 0x21
 540 0084 00       		.byte	0
 541 0085 49       		.uleb128 0x49
 542 0086 13       		.uleb128 0x13
 543 0087 2F       		.uleb128 0x2f
 544 0088 0B       		.uleb128 0xb
 545 0089 00       		.byte	0
 546 008a 00       		.byte	0
 547 008b 0B       		.uleb128 0xb
 548 008c 34       		.uleb128 0x34
 549 008d 00       		.byte	0
 550 008e 03       		.uleb128 0x3
 551 008f 0E       		.uleb128 0xe
 552 0090 3A       		.uleb128 0x3a
 553 0091 0B       		.uleb128 0xb
 554 0092 3B       		.uleb128 0x3b
 555 0093 0B       		.uleb128 0xb
 556 0094 49       		.uleb128 0x49
 557 0095 13       		.uleb128 0x13
 558 0096 3F       		.uleb128 0x3f
 559 0097 19       		.uleb128 0x19
 560 0098 02       		.uleb128 0x2
 561 0099 18       		.uleb128 0x18
 562 009a 00       		.byte	0
 563 009b 00       		.byte	0
 564 009c 0C       		.uleb128 0xc
 565 009d 2E       		.uleb128 0x2e
 566 009e 00       		.byte	0
 567 009f 3F       		.uleb128 0x3f
 568 00a0 19       		.uleb128 0x19
 569 00a1 3C       		.uleb128 0x3c
 570 00a2 19       		.uleb128 0x19
 571 00a3 6E       		.uleb128 0x6e
 572 00a4 0E       		.uleb128 0xe
 573 00a5 03       		.uleb128 0x3
 574 00a6 0E       		.uleb128 0xe
 575 00a7 3A       		.uleb128 0x3a
 576 00a8 0B       		.uleb128 0xb
 577 00a9 3B       		.uleb128 0x3b
 578 00aa 0B       		.uleb128 0xb
 579 00ab 00       		.byte	0
 580 00ac 00       		.byte	0
 581 00ad 0D       		.uleb128 0xd
 582 00ae 2E       		.uleb128 0x2e
 583 00af 00       		.byte	0
 584 00b0 3F       		.uleb128 0x3f
ARM GAS  C:\Users\joshw\AppData\Local\Temp\cc0lt0b9.s 			page 13


 585 00b1 19       		.uleb128 0x19
 586 00b2 3C       		.uleb128 0x3c
 587 00b3 19       		.uleb128 0x19
 588 00b4 6E       		.uleb128 0x6e
 589 00b5 0E       		.uleb128 0xe
 590 00b6 03       		.uleb128 0x3
 591 00b7 0E       		.uleb128 0xe
 592 00b8 3A       		.uleb128 0x3a
 593 00b9 0B       		.uleb128 0xb
 594 00ba 3B       		.uleb128 0x3b
 595 00bb 05       		.uleb128 0x5
 596 00bc 00       		.byte	0
 597 00bd 00       		.byte	0
 598 00be 00       		.byte	0
 599              		.section	.debug_aranges,"",%progbits
 600 0000 1C000000 		.4byte	0x1c
 601 0004 0200     		.2byte	0x2
 602 0006 00000000 		.4byte	.Ldebug_info0
 603 000a 04       		.byte	0x4
 604 000b 00       		.byte	0
 605 000c 0000     		.2byte	0
 606 000e 0000     		.2byte	0
 607 0010 00000000 		.4byte	.LFB33
 608 0014 70000000 		.4byte	.LFE33-.LFB33
 609 0018 00000000 		.4byte	0
 610 001c 00000000 		.4byte	0
 611              		.section	.debug_ranges,"",%progbits
 612              	.Ldebug_ranges0:
 613 0000 00000000 		.4byte	.LFB33
 614 0004 70000000 		.4byte	.LFE33
 615 0008 00000000 		.4byte	0
 616 000c 00000000 		.4byte	0
 617              		.section	.debug_line,"",%progbits
 618              	.Ldebug_line0:
 619 0000 CC000000 		.section	.debug_str,"MS",%progbits,1
 619      02009300 
 619      00000201 
 619      FB0E0D00 
 619      01010101 
 620              	.LASF26:
 621 0000 433A5C55 		.ascii	"C:\\Users\\joshw\\Desktop\\EECE3015\\eece3015-heart"
 621      73657273 
 621      5C6A6F73 
 621      68775C44 
 621      65736B74 
 622 002e 2D726174 		.ascii	"-rate-monitor\\FinalDesignProject\\FinalDesignProje"
 622      652D6D6F 
 622      6E69746F 
 622      725C4669 
 622      6E616C44 
 623 005f 63742E63 		.ascii	"ct.cydsn\000"
 623      7964736E 
 623      00
 624              	.LASF23:
 625 0068 72656672 		.ascii	"refreshDisplay\000"
 625      65736844 
 625      6973706C 
ARM GAS  C:\Users\joshw\AppData\Local\Temp\cc0lt0b9.s 			page 14


 625      617900
 626              	.LASF17:
 627 0077 696E6974 		.ascii	"init\000"
 627      00
 628              	.LASF14:
 629 007c 4932435F 		.ascii	"I2C_Start\000"
 629      53746172 
 629      7400
 630              	.LASF29:
 631 0086 73747269 		.ascii	"stringBuffer\000"
 631      6E674275 
 631      66666572 
 631      00
 632              	.LASF16:
 633 0093 55415254 		.ascii	"UART_UartPutString\000"
 633      5F556172 
 633      74507574 
 633      53747269 
 633      6E6700
 634              	.LASF9:
 635 00a6 666C6F61 		.ascii	"float\000"
 635      7400
 636              	.LASF1:
 637 00ac 756E7369 		.ascii	"unsigned char\000"
 637      676E6564 
 637      20636861 
 637      7200
 638              	.LASF27:
 639 00ba 63686172 		.ascii	"char8\000"
 639      3800
 640              	.LASF20:
 641 00c0 4C45445F 		.ascii	"LED_PWM_Stop\000"
 641      50574D5F 
 641      53746F70 
 641      00
 642              	.LASF3:
 643 00cd 73686F72 		.ascii	"short unsigned int\000"
 643      7420756E 
 643      7369676E 
 643      65642069 
 643      6E7400
 644              	.LASF15:
 645 00e0 55415254 		.ascii	"UART_Start\000"
 645      5F537461 
 645      727400
 646              	.LASF21:
 647 00eb 636C6561 		.ascii	"clearDisplay\000"
 647      72446973 
 647      706C6179 
 647      00
 648              	.LASF18:
 649 00f8 4C45445F 		.ascii	"LED_PWM_Start\000"
 649      50574D5F 
 649      53746172 
 649      7400
 650              	.LASF5:
 651 0106 6C6F6E67 		.ascii	"long unsigned int\000"
ARM GAS  C:\Users\joshw\AppData\Local\Temp\cc0lt0b9.s 			page 15


 651      20756E73 
 651      69676E65 
 651      6420696E 
 651      7400
 652              	.LASF28:
 653 0118 6D61696E 		.ascii	"main\000"
 653      00
 654              	.LASF8:
 655 011d 756E7369 		.ascii	"unsigned int\000"
 655      676E6564 
 655      20696E74 
 655      00
 656              	.LASF7:
 657 012a 6C6F6E67 		.ascii	"long long unsigned int\000"
 657      206C6F6E 
 657      6720756E 
 657      7369676E 
 657      65642069 
 658              	.LASF24:
 659 0141 474E5520 		.ascii	"GNU C11 5.4.1 20160609 (release) [ARM/embedded-5-br"
 659      43313120 
 659      352E342E 
 659      31203230 
 659      31363036 
 660 0174 616E6368 		.ascii	"anch revision 237715] -mcpu=cortex-m0 -mthumb -g -O"
 660      20726576 
 660      6973696F 
 660      6E203233 
 660      37373135 
 661 01a7 67202D66 		.ascii	"g -ffunction-sections -ffat-lto-objects\000"
 661      66756E63 
 661      74696F6E 
 661      2D736563 
 661      74696F6E 
 662              	.LASF13:
 663 01cf 73697A65 		.ascii	"sizetype\000"
 663      74797065 
 663      00
 664              	.LASF6:
 665 01d8 6C6F6E67 		.ascii	"long long int\000"
 665      206C6F6E 
 665      6720696E 
 665      7400
 666              	.LASF25:
 667 01e6 6D61696E 		.ascii	"main.c\000"
 667      2E6300
 668              	.LASF11:
 669 01ed 63686172 		.ascii	"char\000"
 669      00
 670              	.LASF2:
 671 01f2 73686F72 		.ascii	"short int\000"
 671      7420696E 
 671      7400
 672              	.LASF22:
 673 01fc 64726177 		.ascii	"drawString\000"
 673      53747269 
 673      6E6700
ARM GAS  C:\Users\joshw\AppData\Local\Temp\cc0lt0b9.s 			page 16


 674              	.LASF4:
 675 0207 6C6F6E67 		.ascii	"long int\000"
 675      20696E74 
 675      00
 676              	.LASF12:
 677 0210 6C6F6E67 		.ascii	"long double\000"
 677      20646F75 
 677      626C6500 
 678              	.LASF0:
 679 021c 7369676E 		.ascii	"signed char\000"
 679      65642063 
 679      68617200 
 680              	.LASF10:
 681 0228 646F7562 		.ascii	"double\000"
 681      6C6500
 682              	.LASF19:
 683 022f 43794465 		.ascii	"CyDelay\000"
 683      6C617900 
 684              		.ident	"GCC: (GNU Tools for ARM Embedded Processors) 5.4.1 20160609 (release) [ARM/embedded-5-bran
